[ 2018-03-28T13:41:44+08:00 ] 127.0.0.1 /index.php/Admin/Email/getMsgCount.html
INFO: [ app_begin ] --START--
INFO: Run Behavior\ReadHtmlCacheBehavior [ RunTime:0.002001s ]
INFO: [ app_begin ] --END-- [ RunTime:0.002001s ]
NOTIC: [8] Use of undefined constant RBAC_ROLES_AUTHS - assumed 'RBAC_ROLES_AUTHS' D:\TP-Project\Application\Admin\Controller\CommonController.class.php 第 33 行.
SQL: SHOW COLUMNS FROM `sp_email` [ RunTime:0.0390s ]
SQL: SELECT COUNT(*) AS tp_count FROM `sp_email` WHERE ( isread = 0 and to_id = 1 ) LIMIT 1   [ RunTime:0.0000s ]
INFO: [ app_end ] --START--
INFO: Run Behavior\ShowPageTraceBehavior [ RunTime:0.003000s ]
INFO: [ app_end ] --END-- [ RunTime:0.003000s ]

[ 2018-03-28T13:41:47+08:00 ] 127.0.0.1 /index.php/Admin/Email/getMsgCount.html
INFO: [ app_begin ] --START--
INFO: Run Behavior\ReadHtmlCacheBehavior [ RunTime:0.002000s ]
INFO: [ app_begin ] --END-- [ RunTime:0.002000s ]
NOTIC: [8] Use of undefined constant RBAC_ROLES_AUTHS - assumed 'RBAC_ROLES_AUTHS' D:\TP-Project\Application\Admin\Controller\CommonController.class.php 第 33 行.
SQL: SHOW COLUMNS FROM `sp_email` [ RunTime:0.0040s ]
SQL: SELECT COUNT(*) AS tp_count FROM `sp_email` WHERE ( isread = 0 and to_id = 1 ) LIMIT 1   [ RunTime:0.0000s ]
INFO: [ app_end ] --START--
INFO: Run Behavior\ShowPageTraceBehavior [ RunTime:0.002000s ]
INFO: [ app_end ] --END-- [ RunTime:0.002000s ]

[ 2018-03-28T13:41:50+08:00 ] 127.0.0.1 /index.php/Admin/Email/getMsgCount.html
INFO: [ app_begin ] --START--
INFO: Run Behavior\ReadHtmlCacheBehavior [ RunTime:0.002000s ]
INFO: [ app_begin ] --END-- [ RunTime:0.002000s ]
NOTIC: [8] Use of undefined constant RBAC_ROLES_AUTHS - assumed 'RBAC_ROLES_AUTHS' D:\TP-Project\Application\Admin\Controller\CommonController.class.php 第 33 行.
SQL: SHOW COLUMNS FROM `sp_email` [ RunTime:0.0050s ]
SQL: SELECT COUNT(*) AS tp_count FROM `sp_email` WHERE ( isread = 0 and to_id = 1 ) LIMIT 1   [ RunTime:0.0000s ]
INFO: [ app_end ] --START--
INFO: Run Behavior\ShowPageTraceBehavior [ RunTime:0.002000s ]
INFO: [ app_end ] --END-- [ RunTime:0.002000s ]

[ 2018-03-28T13:41:53+08:00 ] 127.0.0.1 /index.php/Admin/Email/getMsgCount.html
INFO: [ app_begin ] --START--
INFO: Run Behavior\ReadHtmlCacheBehavior [ RunTime:0.001000s ]
INFO: [ app_begin ] --END-- [ RunTime:0.001000s ]
NOTIC: [8] Use of undefined constant RBAC_ROLES_AUTHS - assumed 'RBAC_ROLES_AUTHS' D:\TP-Project\Application\Admin\Controller\CommonController.class.php 第 33 行.
SQL: SHOW COLUMNS FROM `sp_email` [ RunTime:0.0040s ]
SQL: SELECT COUNT(*) AS tp_count FROM `sp_email` WHERE ( isread = 0 and to_id = 1 ) LIMIT 1   [ RunTime:0.0000s ]
INFO: [ app_end ] --START--
INFO: Run Behavior\ShowPageTraceBehavior [ RunTime:0.002001s ]
INFO: [ app_end ] --END-- [ RunTime:0.002001s ]

[ 2018-03-28T13:41:56+08:00 ] 127.0.0.1 /index.php/Admin/Email/getMsgCount.html
INFO: [ app_begin ] --START--
INFO: Run Behavior\ReadHtmlCacheBehavior [ RunTime:0.002001s ]
INFO: [ app_begin ] --END-- [ RunTime:0.002001s ]
NOTIC: [8] Use of undefined constant RBAC_ROLES_AUTHS - assumed 'RBAC_ROLES_AUTHS' D:\TP-Project\Application\Admin\Controller\CommonController.class.php 第 33 行.
SQL: SHOW COLUMNS FROM `sp_email` [ RunTime:0.0040s ]
SQL: SELECT COUNT(*) AS tp_count FROM `sp_email` WHERE ( isread = 0 and to_id = 1 ) LIMIT 1   [ RunTime:0.0000s ]
INFO: [ app_end ] --START--
INFO: Run Behavior\ShowPageTraceBehavior [ RunTime:0.002001s ]
INFO: [ app_end ] --END-- [ RunTime:0.002001s ]

[ 2018-03-28T13:41:59+08:00 ] 127.0.0.1 /index.php/Admin/Email/getMsgCount.html
INFO: [ app_begin ] --START--
INFO: Run Behavior\ReadHtmlCacheBehavior [ RunTime:0.002000s ]
INFO: [ app_begin ] --END-- [ RunTime:0.002000s ]
NOTIC: [8] Use of undefined constant RBAC_ROLES_AUTHS - assumed 'RBAC_ROLES_AUTHS' D:\TP-Project\Application\Admin\Controller\CommonController.class.php 第 33 行.
SQL: SHOW COLUMNS FROM `sp_email` [ RunTime:0.0030s ]
SQL: SELECT COUNT(*) AS tp_count FROM `sp_email` WHERE ( isread = 0 and to_id = 1 ) LIMIT 1   [ RunTime:0.0000s ]
INFO: [ app_end ] --START--
INFO: Run Behavior\ShowPageTraceBehavior [ RunTime:0.002000s ]
INFO: [ app_end ] --END-- [ RunTime:0.002000s ]

[ 2018-03-28T13:42:02+08:00 ] 127.0.0.1 /index.php/Admin/Email/getMsgCount.html
INFO: [ app_begin ] --START--
INFO: Run Behavior\ReadHtmlCacheBehavior [ RunTime:0.001001s ]
INFO: [ app_begin ] --END-- [ RunTime:0.001001s ]
NOTIC: [8] Use of undefined constant RBAC_ROLES_AUTHS - assumed 'RBAC_ROLES_AUTHS' D:\TP-Project\Application\Admin\Controller\CommonController.class.php 第 33 行.
SQL: SHOW COLUMNS FROM `sp_email` [ RunTime:0.0030s ]
SQL: SELECT COUNT(*) AS tp_count FROM `sp_email` WHERE ( isread = 0 and to_id = 1 ) LIMIT 1   [ RunTime:0.0000s ]
INFO: [ app_end ] --START--
INFO: Run Behavior\ShowPageTraceBehavior [ RunTime:0.002000s ]
INFO: [ app_end ] --END-- [ RunTime:0.002000s ]

[ 2018-03-28T13:42:05+08:00 ] 127.0.0.1 /index.php/Admin/Email/getMsgCount.html
INFO: [ app_begin ] --START--
INFO: Run Behavior\ReadHtmlCacheBehavior [ RunTime:0.002000s ]
INFO: [ app_begin ] --END-- [ RunTime:0.002000s ]
NOTIC: [8] Use of undefined constant RBAC_ROLES_AUTHS - assumed 'RBAC_ROLES_AUTHS' D:\TP-Project\Application\Admin\Controller\CommonController.class.php 第 33 行.
SQL: SHOW COLUMNS FROM `sp_email` [ RunTime:0.0040s ]
SQL: SELECT COUNT(*) AS tp_count FROM `sp_email` WHERE ( isread = 0 and to_id = 1 ) LIMIT 1   [ RunTime:0.0010s ]
INFO: [ app_end ] --START--
INFO: Run Behavior\ShowPageTraceBehavior [ RunTime:0.001000s ]
INFO: [ app_end ] --END-- [ RunTime:0.002000s ]

[ 2018-03-28T13:42:08+08:00 ] 127.0.0.1 /index.php/Admin/Email/getMsgCount.html
INFO: [ app_begin ] --START--
INFO: Run Behavior\ReadHtmlCacheBehavior [ RunTime:0.002000s ]
INFO: [ app_begin ] --END-- [ RunTime:0.002000s ]
NOTIC: [8] Use of undefined constant RBAC_ROLES_AUTHS - assumed 'RBAC_ROLES_AUTHS' D:\TP-Project\Application\Admin\Controller\CommonController.class.php 第 33 行.
SQL: SHOW COLUMNS FROM `sp_email` [ RunTime:0.0030s ]
SQL: SELECT COUNT(*) AS tp_count FROM `sp_email` WHERE ( isread = 0 and to_id = 1 ) LIMIT 1   [ RunTime:0.0000s ]
INFO: [ app_end ] --START--
INFO: Run Behavior\ShowPageTraceBehavior [ RunTime:0.002000s ]
INFO: [ app_end ] --END-- [ RunTime:0.002000s ]

[ 2018-03-28T13:42:11+08:00 ] 127.0.0.1 /index.php/Admin/Email/getMsgCount.html
INFO: [ app_begin ] --START--
INFO: Run Behavior\ReadHtmlCacheBehavior [ RunTime:0.002000s ]
INFO: [ app_begin ] --END-- [ RunTime:0.002000s ]
NOTIC: [8] Use of undefined constant RBAC_ROLES_AUTHS - assumed 'RBAC_ROLES_AUTHS' D:\TP-Project\Application\Admin\Controller\CommonController.class.php 第 33 行.
SQL: SHOW COLUMNS FROM `sp_email` [ RunTime:0.0040s ]
SQL: SELECT COUNT(*) AS tp_count FROM `sp_email` WHERE ( isread = 0 and to_id = 1 ) LIMIT 1   [ RunTime:0.0010s ]
INFO: [ app_end ] --START--
INFO: Run Behavior\ShowPageTraceBehavior [ RunTime:0.002000s ]
INFO: [ app_end ] --END-- [ RunTime:0.002000s ]

[ 2018-03-28T13:42:14+08:00 ] 127.0.0.1 /index.php/Admin/Email/getMsgCount.html
INFO: [ app_begin ] --START--
INFO: Run Behavior\ReadHtmlCacheBehavior [ RunTime:0.002000s ]
INFO: [ app_begin ] --END-- [ RunTime:0.002000s ]
NOTIC: [8] Use of undefined constant RBAC_ROLES_AUTHS - assumed 'RBAC_ROLES_AUTHS' D:\TP-Project\Application\Admin\Controller\CommonController.class.php 第 33 行.
SQL: SHOW COLUMNS FROM `sp_email` [ RunTime:0.0040s ]
SQL: SELECT COUNT(*) AS tp_count FROM `sp_email` WHERE ( isread = 0 and to_id = 1 ) LIMIT 1   [ RunTime:0.0010s ]
INFO: [ app_end ] --START--
INFO: Run Behavior\ShowPageTraceBehavior [ RunTime:0.002000s ]
INFO: [ app_end ] --END-- [ RunTime:0.002000s ]

[ 2018-03-28T13:42:17+08:00 ] 127.0.0.1 /index.php/Admin/Email/getMsgCount.html
INFO: [ app_begin ] --START--
INFO: Run Behavior\ReadHtmlCacheBehavior [ RunTime:0.002000s ]
INFO: [ app_begin ] --END-- [ RunTime:0.002000s ]
NOTIC: [8] Use of undefined constant RBAC_ROLES_AUTHS - assumed 'RBAC_ROLES_AUTHS' D:\TP-Project\Application\Admin\Controller\CommonController.class.php 第 33 行.
SQL: SHOW COLUMNS FROM `sp_email` [ RunTime:0.0040s ]
SQL: SELECT COUNT(*) AS tp_count FROM `sp_email` WHERE ( isread = 0 and to_id = 1 ) LIMIT 1   [ RunTime:0.0000s ]
INFO: [ app_end ] --START--
INFO: Run Behavior\ShowPageTraceBehavior [ RunTime:0.002000s ]
INFO: [ app_end ] --END-- [ RunTime:0.002000s ]

[ 2018-03-28T13:42:20+08:00 ] 127.0.0.1 /index.php/Admin/Email/getMsgCount.html
INFO: [ app_begin ] --START--
INFO: Run Behavior\ReadHtmlCacheBehavior [ RunTime:0.002000s ]
INFO: [ app_begin ] --END-- [ RunTime:0.002000s ]
NOTIC: [8] Use of undefined constant RBAC_ROLES_AUTHS - assumed 'RBAC_ROLES_AUTHS' D:\TP-Project\Application\Admin\Controller\CommonController.class.php 第 33 行.
SQL: SHOW COLUMNS FROM `sp_email` [ RunTime:0.0030s ]
SQL: SELECT COUNT(*) AS tp_count FROM `sp_email` WHERE ( isread = 0 and to_id = 1 ) LIMIT 1   [ RunTime:0.0010s ]
INFO: [ app_end ] --START--
INFO: Run Behavior\ShowPageTraceBehavior [ RunTime:0.002000s ]
INFO: [ app_end ] --END-- [ RunTime:0.002000s ]

[ 2018-03-28T13:42:23+08:00 ] 127.0.0.1 /index.php/Admin/Email/getMsgCount.html
INFO: [ app_begin ] --START--
INFO: Run Behavior\ReadHtmlCacheBehavior [ RunTime:0.002000s ]
INFO: [ app_begin ] --END-- [ RunTime:0.002000s ]
NOTIC: [8] Use of undefined constant RBAC_ROLES_AUTHS - assumed 'RBAC_ROLES_AUTHS' D:\TP-Project\Application\Admin\Controller\CommonController.class.php 第 33 行.
SQL: SHOW COLUMNS FROM `sp_email` [ RunTime:0.0030s ]
SQL: SELECT COUNT(*) AS tp_count FROM `sp_email` WHERE ( isread = 0 and to_id = 1 ) LIMIT 1   [ RunTime:0.0000s ]
INFO: [ app_end ] --START--
INFO: Run Behavior\ShowPageTraceBehavior [ RunTime:0.002000s ]
INFO: [ app_end ] --END-- [ RunTime:0.002000s ]

[ 2018-03-28T13:42:26+08:00 ] 127.0.0.1 /index.php/Admin/Email/getMsgCount.html
INFO: [ app_begin ] --START--
INFO: Run Behavior\ReadHtmlCacheBehavior [ RunTime:0.001000s ]
INFO: [ app_begin ] --END-- [ RunTime:0.001000s ]
NOTIC: [8] Use of undefined constant RBAC_ROLES_AUTHS - assumed 'RBAC_ROLES_AUTHS' D:\TP-Project\Application\Admin\Controller\CommonController.class.php 第 33 行.
SQL: SHOW COLUMNS FROM `sp_email` [ RunTime:0.0030s ]
SQL: SELECT COUNT(*) AS tp_count FROM `sp_email` WHERE ( isread = 0 and to_id = 1 ) LIMIT 1   [ RunTime:0.0000s ]
INFO: [ app_end ] --START--
INFO: Run Behavior\ShowPageTraceBehavior [ RunTime:0.002001s ]
INFO: [ app_end ] --END-- [ RunTime:0.002001s ]

[ 2018-03-28T13:42:29+08:00 ] 127.0.0.1 /index.php/Admin/Email/getMsgCount.html
INFO: [ app_begin ] --START--
INFO: Run Behavior\ReadHtmlCacheBehavior [ RunTime:0.001000s ]
INFO: [ app_begin ] --END-- [ RunTime:0.002000s ]
NOTIC: [8] Use of undefined constant RBAC_ROLES_AUTHS - assumed 'RBAC_ROLES_AUTHS' D:\TP-Project\Application\Admin\Controller\CommonController.class.php 第 33 行.
SQL: SHOW COLUMNS FROM `sp_email` [ RunTime:0.0040s ]
SQL: SELECT COUNT(*) AS tp_count FROM `sp_email` WHERE ( isread = 0 and to_id = 1 ) LIMIT 1   [ RunTime:0.0010s ]
INFO: [ app_end ] --START--
INFO: Run Behavior\ShowPageTraceBehavior [ RunTime:0.002000s ]
INFO: [ app_end ] --END-- [ RunTime:0.002000s ]

[ 2018-03-28T13:42:32+08:00 ] 127.0.0.1 /index.php/Admin/Email/getMsgCount.html
INFO: [ app_begin ] --START--
INFO: Run Behavior\ReadHtmlCacheBehavior [ RunTime:0.002000s ]
INFO: [ app_begin ] --END-- [ RunTime:0.002000s ]
NOTIC: [8] Use of undefined constant RBAC_ROLES_AUTHS - assumed 'RBAC_ROLES_AUTHS' D:\TP-Project\Application\Admin\Controller\CommonController.class.php 第 33 行.
SQL: SHOW COLUMNS FROM `sp_email` [ RunTime:0.0030s ]
SQL: SELECT COUNT(*) AS tp_count FROM `sp_email` WHERE ( isread = 0 and to_id = 1 ) LIMIT 1   [ RunTime:0.0000s ]
INFO: [ app_end ] --START--
INFO: Run Behavior\ShowPageTraceBehavior [ RunTime:0.002000s ]
INFO: [ app_end ] --END-- [ RunTime:0.002000s ]

[ 2018-03-28T13:42:35+08:00 ] 127.0.0.1 /index.php/Admin/Email/getMsgCount.html
INFO: [ app_begin ] --START--
INFO: Run Behavior\ReadHtmlCacheBehavior [ RunTime:0.002000s ]
INFO: [ app_begin ] --END-- [ RunTime:0.002000s ]
NOTIC: [8] Use of undefined constant RBAC_ROLES_AUTHS - assumed 'RBAC_ROLES_AUTHS' D:\TP-Project\Application\Admin\Controller\CommonController.class.php 第 33 行.
SQL: SHOW COLUMNS FROM `sp_email` [ RunTime:0.0040s ]
SQL: SELECT COUNT(*) AS tp_count FROM `sp_email` WHERE ( isread = 0 and to_id = 1 ) LIMIT 1   [ RunTime:0.0010s ]
INFO: [ app_end ] --START--
INFO: Run Behavior\ShowPageTraceBehavior [ RunTime:0.001000s ]
INFO: [ app_end ] --END-- [ RunTime:0.001000s ]

[ 2018-03-28T13:42:38+08:00 ] 127.0.0.1 /index.php/Admin/Email/getMsgCount.html
INFO: [ app_begin ] --START--
INFO: Run Behavior\ReadHtmlCacheBehavior [ RunTime:0.002001s ]
INFO: [ app_begin ] --END-- [ RunTime:0.002001s ]
NOTIC: [8] Use of undefined constant RBAC_ROLES_AUTHS - assumed 'RBAC_ROLES_AUTHS' D:\TP-Project\Application\Admin\Controller\CommonController.class.php 第 33 行.
SQL: SHOW COLUMNS FROM `sp_email` [ RunTime:0.0030s ]
SQL: SELECT COUNT(*) AS tp_count FROM `sp_email` WHERE ( isread = 0 and to_id = 1 ) LIMIT 1   [ RunTime:0.0000s ]
INFO: [ app_end ] --START--
INFO: Run Behavior\ShowPageTraceBehavior [ RunTime:0.002000s ]
INFO: [ app_end ] --END-- [ RunTime:0.002000s ]

[ 2018-03-28T13:42:41+08:00 ] 127.0.0.1 /index.php/Admin/Email/getMsgCount.html
INFO: [ app_begin ] --START--
INFO: Run Behavior\ReadHtmlCacheBehavior [ RunTime:0.001000s ]
INFO: [ app_begin ] --END-- [ RunTime:0.002000s ]
NOTIC: [8] Use of undefined constant RBAC_ROLES_AUTHS - assumed 'RBAC_ROLES_AUTHS' D:\TP-Project\Application\Admin\Controller\CommonController.class.php 第 33 行.
SQL: SHOW COLUMNS FROM `sp_email` [ RunTime:0.0040s ]
SQL: SELECT COUNT(*) AS tp_count FROM `sp_email` WHERE ( isread = 0 and to_id = 1 ) LIMIT 1   [ RunTime:0.0010s ]
INFO: [ app_end ] --START--
INFO: Run Behavior\ShowPageTraceBehavior [ RunTime:0.001000s ]
INFO: [ app_end ] --END-- [ RunTime:0.001000s ]

[ 2018-03-28T13:42:44+08:00 ] 127.0.0.1 /index.php/Admin/Email/getMsgCount.html
INFO: [ app_begin ] --START--
INFO: Run Behavior\ReadHtmlCacheBehavior [ RunTime:0.002000s ]
INFO: [ app_begin ] --END-- [ RunTime:0.002000s ]
NOTIC: [8] Use of undefined constant RBAC_ROLES_AUTHS - assumed 'RBAC_ROLES_AUTHS' D:\TP-Project\Application\Admin\Controller\CommonController.class.php 第 33 行.
SQL: SHOW COLUMNS FROM `sp_email` [ RunTime:0.0030s ]
SQL: SELECT COUNT(*) AS tp_count FROM `sp_email` WHERE ( isread = 0 and to_id = 1 ) LIMIT 1   [ RunTime:0.0000s ]
INFO: [ app_end ] --START--
INFO: Run Behavior\ShowPageTraceBehavior [ RunTime:0.002000s ]
INFO: [ app_end ] --END-- [ RunTime:0.002000s ]

[ 2018-03-28T13:42:47+08:00 ] 127.0.0.1 /index.php/Admin/Email/getMsgCount.html
INFO: [ app_begin ] --START--
INFO: Run Behavior\ReadHtmlCacheBehavior [ RunTime:0.002000s ]
INFO: [ app_begin ] --END-- [ RunTime:0.002000s ]
NOTIC: [8] Use of undefined constant RBAC_ROLES_AUTHS - assumed 'RBAC_ROLES_AUTHS' D:\TP-Project\Application\Admin\Controller\CommonController.class.php 第 33 行.
SQL: SHOW COLUMNS FROM `sp_email` [ RunTime:0.0040s ]
SQL: SELECT COUNT(*) AS tp_count FROM `sp_email` WHERE ( isread = 0 and to_id = 1 ) LIMIT 1   [ RunTime:0.0010s ]
INFO: [ app_end ] --START--
INFO: Run Behavior\ShowPageTraceBehavior [ RunTime:0.001000s ]
INFO: [ app_end ] --END-- [ RunTime:0.001000s ]

[ 2018-03-28T13:42:50+08:00 ] 127.0.0.1 /index.php/Admin/Email/getMsgCount.html
INFO: [ app_begin ] --START--
INFO: Run Behavior\ReadHtmlCacheBehavior [ RunTime:0.002000s ]
INFO: [ app_begin ] --END-- [ RunTime:0.002000s ]
NOTIC: [8] Use of undefined constant RBAC_ROLES_AUTHS - assumed 'RBAC_ROLES_AUTHS' D:\TP-Project\Application\Admin\Controller\CommonController.class.php 第 33 行.
SQL: SHOW COLUMNS FROM `sp_email` [ RunTime:0.0050s ]
SQL: SELECT COUNT(*) AS tp_count FROM `sp_email` WHERE ( isread = 0 and to_id = 1 ) LIMIT 1   [ RunTime:0.0000s ]
INFO: [ app_end ] --START--
INFO: Run Behavior\ShowPageTraceBehavior [ RunTime:0.002000s ]
INFO: [ app_end ] --END-- [ RunTime:0.002000s ]

[ 2018-03-28T13:42:53+08:00 ] 127.0.0.1 /index.php/Admin/Email/getMsgCount.html
INFO: [ app_begin ] --START--
INFO: Run Behavior\ReadHtmlCacheBehavior [ RunTime:0.002000s ]
INFO: [ app_begin ] --END-- [ RunTime:0.002000s ]
NOTIC: [8] Use of undefined constant RBAC_ROLES_AUTHS - assumed 'RBAC_ROLES_AUTHS' D:\TP-Project\Application\Admin\Controller\CommonController.class.php 第 33 行.
SQL: SHOW COLUMNS FROM `sp_email` [ RunTime:0.0040s ]
SQL: SELECT COUNT(*) AS tp_count FROM `sp_email` WHERE ( isread = 0 and to_id = 1 ) LIMIT 1   [ RunTime:0.0000s ]
INFO: [ app_end ] --START--
INFO: Run Behavior\ShowPageTraceBehavior [ RunTime:0.001000s ]
INFO: [ app_end ] --END-- [ RunTime:0.002000s ]

[ 2018-03-28T13:42:56+08:00 ] 127.0.0.1 /index.php/Admin/Email/getMsgCount.html
INFO: [ app_begin ] --START--
INFO: Run Behavior\ReadHtmlCacheBehavior [ RunTime:0.001000s ]
INFO: [ app_begin ] --END-- [ RunTime:0.001000s ]
NOTIC: [8] Use of undefined constant RBAC_ROLES_AUTHS - assumed 'RBAC_ROLES_AUTHS' D:\TP-Project\Application\Admin\Controller\CommonController.class.php 第 33 行.
SQL: SHOW COLUMNS FROM `sp_email` [ RunTime:0.0040s ]
SQL: SELECT COUNT(*) AS tp_count FROM `sp_email` WHERE ( isread = 0 and to_id = 1 ) LIMIT 1   [ RunTime:0.0000s ]
INFO: [ app_end ] --START--
INFO: Run Behavior\ShowPageTraceBehavior [ RunTime:0.002001s ]
INFO: [ app_end ] --END-- [ RunTime:0.002001s ]

[ 2018-03-28T13:42:59+08:00 ] 127.0.0.1 /index.php/Admin/Email/getMsgCount.html
INFO: [ app_begin ] --START--
INFO: Run Behavior\ReadHtmlCacheBehavior [ RunTime:0.001000s ]
INFO: [ app_begin ] --END-- [ RunTime:0.001000s ]
NOTIC: [8] Use of undefined constant RBAC_ROLES_AUTHS - assumed 'RBAC_ROLES_AUTHS' D:\TP-Project\Application\Admin\Controller\CommonController.class.php 第 33 行.
SQL: SHOW COLUMNS FROM `sp_email` [ RunTime:0.0040s ]
SQL: SELECT COUNT(*) AS tp_count FROM `sp_email` WHERE ( isread = 0 and to_id = 1 ) LIMIT 1   [ RunTime:0.0010s ]
INFO: [ app_end ] --START--
INFO: Run Behavior\ShowPageTraceBehavior [ RunTime:0.001001s ]
INFO: [ app_end ] --END-- [ RunTime:0.001001s ]

[ 2018-03-28T13:43:02+08:00 ] 127.0.0.1 /index.php/Admin/Email/getMsgCount.html
INFO: [ app_begin ] --START--
INFO: Run Behavior\ReadHtmlCacheBehavior [ RunTime:0.001000s ]
INFO: [ app_begin ] --END-- [ RunTime:0.001000s ]
NOTIC: [8] Use of undefined constant RBAC_ROLES_AUTHS - assumed 'RBAC_ROLES_AUTHS' D:\TP-Project\Application\Admin\Controller\CommonController.class.php 第 33 行.
SQL: SHOW COLUMNS FROM `sp_email` [ RunTime:0.0040s ]
SQL: SELECT COUNT(*) AS tp_count FROM `sp_email` WHERE ( isread = 0 and to_id = 1 ) LIMIT 1   [ RunTime:0.0000s ]
INFO: [ app_end ] --START--
INFO: Run Behavior\ShowPageTraceBehavior [ RunTime:0.001000s ]
INFO: [ app_end ] --END-- [ RunTime:0.001000s ]

[ 2018-03-28T13:43:05+08:00 ] 127.0.0.1 /index.php/Admin/Email/getMsgCount.html
INFO: [ app_begin ] --START--
INFO: Run Behavior\ReadHtmlCacheBehavior [ RunTime:0.001000s ]
INFO: [ app_begin ] --END-- [ RunTime:0.001000s ]
NOTIC: [8] Use of undefined constant RBAC_ROLES_AUTHS - assumed 'RBAC_ROLES_AUTHS' D:\TP-Project\Application\Admin\Controller\CommonController.class.php 第 33 行.
SQL: SHOW COLUMNS FROM `sp_email` [ RunTime:0.0030s ]
SQL: SELECT COUNT(*) AS tp_count FROM `sp_email` WHERE ( isread = 0 and to_id = 1 ) LIMIT 1   [ RunTime:0.0000s ]
INFO: [ app_end ] --START--
INFO: Run Behavior\ShowPageTraceBehavior [ RunTime:0.002000s ]
INFO: [ app_end ] --END-- [ RunTime:0.002000s ]

[ 2018-03-28T13:43:08+08:00 ] 127.0.0.1 /index.php/Admin/Email/getMsgCount.html
INFO: [ app_begin ] --START--
INFO: Run Behavior\ReadHtmlCacheBehavior [ RunTime:0.002001s ]
INFO: [ app_begin ] --END-- [ RunTime:0.002001s ]
NOTIC: [8] Use of undefined constant RBAC_ROLES_AUTHS - assumed 'RBAC_ROLES_AUTHS' D:\TP-Project\Application\Admin\Controller\CommonController.class.php 第 33 行.
SQL: SHOW COLUMNS FROM `sp_email` [ RunTime:0.0040s ]
SQL: SELECT COUNT(*) AS tp_count FROM `sp_email` WHERE ( isread = 0 and to_id = 1 ) LIMIT 1   [ RunTime:0.0010s ]
INFO: [ app_end ] --START--
INFO: Run Behavior\ShowPageTraceBehavior [ RunTime:0.002000s ]
INFO: [ app_end ] --END-- [ RunTime:0.002000s ]

[ 2018-03-28T13:43:11+08:00 ] 127.0.0.1 /index.php/Admin/Email/getMsgCount.html
INFO: [ app_begin ] --START--
INFO: Run Behavior\ReadHtmlCacheBehavior [ RunTime:0.002000s ]
INFO: [ app_begin ] --END-- [ RunTime:0.002000s ]
NOTIC: [8] Use of undefined constant RBAC_ROLES_AUTHS - assumed 'RBAC_ROLES_AUTHS' D:\TP-Project\Application\Admin\Controller\CommonController.class.php 第 33 行.
SQL: SHOW COLUMNS FROM `sp_email` [ RunTime:0.0040s ]
SQL: SELECT COUNT(*) AS tp_count FROM `sp_email` WHERE ( isread = 0 and to_id = 1 ) LIMIT 1   [ RunTime:0.0000s ]
INFO: [ app_end ] --START--
INFO: Run Behavior\ShowPageTraceBehavior [ RunTime:0.002000s ]
INFO: [ app_end ] --END-- [ RunTime:0.002000s ]

[ 2018-03-28T13:43:14+08:00 ] 127.0.0.1 /index.php/Admin/Email/getMsgCount.html
INFO: [ app_begin ] --START--
INFO: Run Behavior\ReadHtmlCacheBehavior [ RunTime:0.001000s ]
INFO: [ app_begin ] --END-- [ RunTime:0.002000s ]
NOTIC: [8] Use of undefined constant RBAC_ROLES_AUTHS - assumed 'RBAC_ROLES_AUTHS' D:\TP-Project\Application\Admin\Controller\CommonController.class.php 第 33 行.
SQL: SHOW COLUMNS FROM `sp_email` [ RunTime:0.0040s ]
SQL: SELECT COUNT(*) AS tp_count FROM `sp_email` WHERE ( isread = 0 and to_id = 1 ) LIMIT 1   [ RunTime:0.0000s ]
INFO: [ app_end ] --START--
INFO: Run Behavior\ShowPageTraceBehavior [ RunTime:0.001000s ]
INFO: [ app_end ] --END-- [ RunTime:0.002000s ]

[ 2018-03-28T13:43:17+08:00 ] 127.0.0.1 /index.php/Admin/Email/getMsgCount.html
INFO: [ app_begin ] --START--
INFO: Run Behavior\ReadHtmlCacheBehavior [ RunTime:0.002000s ]
INFO: [ app_begin ] --END-- [ RunTime:0.002000s ]
NOTIC: [8] Use of undefined constant RBAC_ROLES_AUTHS - assumed 'RBAC_ROLES_AUTHS' D:\TP-Project\Application\Admin\Controller\CommonController.class.php 第 33 行.
SQL: SHOW COLUMNS FROM `sp_email` [ RunTime:0.0040s ]
SQL: SELECT COUNT(*) AS tp_count FROM `sp_email` WHERE ( isread = 0 and to_id = 1 ) LIMIT 1   [ RunTime:0.0000s ]
INFO: [ app_end ] --START--
INFO: Run Behavior\ShowPageTraceBehavior [ RunTime:0.002000s ]
INFO: [ app_end ] --END-- [ RunTime:0.002000s ]

[ 2018-03-28T13:43:20+08:00 ] 127.0.0.1 /index.php/Admin/Email/getMsgCount.html
INFO: [ app_begin ] --START--
INFO: Run Behavior\ReadHtmlCacheBehavior [ RunTime:0.002000s ]
INFO: [ app_begin ] --END-- [ RunTime:0.002000s ]
NOTIC: [8] Use of undefined constant RBAC_ROLES_AUTHS - assumed 'RBAC_ROLES_AUTHS' D:\TP-Project\Application\Admin\Controller\CommonController.class.php 第 33 行.
SQL: SHOW COLUMNS FROM `sp_email` [ RunTime:0.0040s ]
SQL: SELECT COUNT(*) AS tp_count FROM `sp_email` WHERE ( isread = 0 and to_id = 1 ) LIMIT 1   [ RunTime:0.0010s ]
INFO: [ app_end ] --START--
INFO: Run Behavior\ShowPageTraceBehavior [ RunTime:0.002000s ]
INFO: [ app_end ] --END-- [ RunTime:0.002000s ]

[ 2018-03-28T13:43:23+08:00 ] 127.0.0.1 /index.php/Admin/Email/getMsgCount.html
INFO: [ app_begin ] --START--
INFO: Run Behavior\ReadHtmlCacheBehavior [ RunTime:0.002001s ]
INFO: [ app_begin ] --END-- [ RunTime:0.002001s ]
NOTIC: [8] Use of undefined constant RBAC_ROLES_AUTHS - assumed 'RBAC_ROLES_AUTHS' D:\TP-Project\Application\Admin\Controller\CommonController.class.php 第 33 行.
SQL: SHOW COLUMNS FROM `sp_email` [ RunTime:0.0040s ]
SQL: SELECT COUNT(*) AS tp_count FROM `sp_email` WHERE ( isread = 0 and to_id = 1 ) LIMIT 1   [ RunTime:0.0000s ]
INFO: [ app_end ] --START--
INFO: Run Behavior\ShowPageTraceBehavior [ RunTime:0.002000s ]
INFO: [ app_end ] --END-- [ RunTime:0.002000s ]

[ 2018-03-28T13:43:26+08:00 ] 127.0.0.1 /index.php/Admin/Email/getMsgCount.html
INFO: [ app_begin ] --START--
INFO: Run Behavior\ReadHtmlCacheBehavior [ RunTime:0.001000s ]
INFO: [ app_begin ] --END-- [ RunTime:0.001000s ]
NOTIC: [8] Use of undefined constant RBAC_ROLES_AUTHS - assumed 'RBAC_ROLES_AUTHS' D:\TP-Project\Application\Admin\Controller\CommonController.class.php 第 33 行.
SQL: SHOW COLUMNS FROM `sp_email` [ RunTime:0.0030s ]
SQL: SELECT COUNT(*) AS tp_count FROM `sp_email` WHERE ( isread = 0 and to_id = 1 ) LIMIT 1   [ RunTime:0.0000s ]
INFO: [ app_end ] --START--
INFO: Run Behavior\ShowPageTraceBehavior [ RunTime:0.002000s ]
INFO: [ app_end ] --END-- [ RunTime:0.002000s ]

[ 2018-03-28T13:43:29+08:00 ] 127.0.0.1 /index.php/Admin/Email/getMsgCount.html
INFO: [ app_begin ] --START--
INFO: Run Behavior\ReadHtmlCacheBehavior [ RunTime:0.002000s ]
INFO: [ app_begin ] --END-- [ RunTime:0.002000s ]
NOTIC: [8] Use of undefined constant RBAC_ROLES_AUTHS - assumed 'RBAC_ROLES_AUTHS' D:\TP-Project\Application\Admin\Controller\CommonController.class.php 第 33 行.
SQL: SHOW COLUMNS FROM `sp_email` [ RunTime:0.0040s ]
SQL: SELECT COUNT(*) AS tp_count FROM `sp_email` WHERE ( isread = 0 and to_id = 1 ) LIMIT 1   [ RunTime:0.0000s ]
INFO: [ app_end ] --START--
INFO: Run Behavior\ShowPageTraceBehavior [ RunTime:0.001000s ]
INFO: [ app_end ] --END-- [ RunTime:0.001000s ]

[ 2018-03-28T13:43:32+08:00 ] 127.0.0.1 /index.php/Admin/Email/getMsgCount.html
INFO: [ app_begin ] --START--
INFO: Run Behavior\ReadHtmlCacheBehavior [ RunTime:0.001000s ]
INFO: [ app_begin ] --END-- [ RunTime:0.001000s ]
NOTIC: [8] Use of undefined constant RBAC_ROLES_AUTHS - assumed 'RBAC_ROLES_AUTHS' D:\TP-Project\Application\Admin\Controller\CommonController.class.php 第 33 行.
SQL: SHOW COLUMNS FROM `sp_email` [ RunTime:0.0040s ]
SQL: SELECT COUNT(*) AS tp_count FROM `sp_email` WHERE ( isread = 0 and to_id = 1 ) LIMIT 1   [ RunTime:0.0010s ]
INFO: [ app_end ] --START--
INFO: Run Behavior\ShowPageTraceBehavior [ RunTime:0.002000s ]
INFO: [ app_end ] --END-- [ RunTime:0.002000s ]

[ 2018-03-28T13:43:35+08:00 ] 127.0.0.1 /index.php/Admin/Email/getMsgCount.html
INFO: [ app_begin ] --START--
INFO: Run Behavior\ReadHtmlCacheBehavior [ RunTime:0.001000s ]
INFO: [ app_begin ] --END-- [ RunTime:0.002000s ]
NOTIC: [8] Use of undefined constant RBAC_ROLES_AUTHS - assumed 'RBAC_ROLES_AUTHS' D:\TP-Project\Application\Admin\Controller\CommonController.class.php 第 33 行.
SQL: SHOW COLUMNS FROM `sp_email` [ RunTime:0.0040s ]
SQL: SELECT COUNT(*) AS tp_count FROM `sp_email` WHERE ( isread = 0 and to_id = 1 ) LIMIT 1   [ RunTime:0.0000s ]
INFO: [ app_end ] --START--
INFO: Run Behavior\ShowPageTraceBehavior [ RunTime:0.001000s ]
INFO: [ app_end ] --END-- [ RunTime:0.001000s ]

[ 2018-03-28T13:43:38+08:00 ] 127.0.0.1 /index.php/Admin/Email/getMsgCount.html
INFO: [ app_begin ] --START--
INFO: Run Behavior\ReadHtmlCacheBehavior [ RunTime:0.002000s ]
INFO: [ app_begin ] --END-- [ RunTime:0.002000s ]
NOTIC: [8] Use of undefined constant RBAC_ROLES_AUTHS - assumed 'RBAC_ROLES_AUTHS' D:\TP-Project\Application\Admin\Controller\CommonController.class.php 第 33 行.
SQL: SHOW COLUMNS FROM `sp_email` [ RunTime:0.0040s ]
SQL: SELECT COUNT(*) AS tp_count FROM `sp_email` WHERE ( isread = 0 and to_id = 1 ) LIMIT 1   [ RunTime:0.0000s ]
INFO: [ app_end ] --START--
INFO: Run Behavior\ShowPageTraceBehavior [ RunTime:0.002000s ]
INFO: [ app_end ] --END-- [ RunTime:0.002000s ]

[ 2018-03-28T13:43:41+08:00 ] 127.0.0.1 /index.php/Admin/Email/getMsgCount.html
INFO: [ app_begin ] --START--
INFO: Run Behavior\ReadHtmlCacheBehavior [ RunTime:0.002000s ]
INFO: [ app_begin ] --END-- [ RunTime:0.002000s ]
NOTIC: [8] Use of undefined constant RBAC_ROLES_AUTHS - assumed 'RBAC_ROLES_AUTHS' D:\TP-Project\Application\Admin\Controller\CommonController.class.php 第 33 行.
SQL: SHOW COLUMNS FROM `sp_email` [ RunTime:0.0040s ]
SQL: SELECT COUNT(*) AS tp_count FROM `sp_email` WHERE ( isread = 0 and to_id = 1 ) LIMIT 1   [ RunTime:0.0000s ]
INFO: [ app_end ] --START--
INFO: Run Behavior\ShowPageTraceBehavior [ RunTime:0.002000s ]
INFO: [ app_end ] --END-- [ RunTime:0.002000s ]

[ 2018-03-28T13:43:44+08:00 ] 127.0.0.1 /index.php/Admin/Email/getMsgCount.html
INFO: [ app_begin ] --START--
INFO: Run Behavior\ReadHtmlCacheBehavior [ RunTime:0.002000s ]
INFO: [ app_begin ] --END-- [ RunTime:0.002000s ]
NOTIC: [8] Use of undefined constant RBAC_ROLES_AUTHS - assumed 'RBAC_ROLES_AUTHS' D:\TP-Project\Application\Admin\Controller\CommonController.class.php 第 33 行.
SQL: SHOW COLUMNS FROM `sp_email` [ RunTime:0.0040s ]
SQL: SELECT COUNT(*) AS tp_count FROM `sp_email` WHERE ( isread = 0 and to_id = 1 ) LIMIT 1   [ RunTime:0.0010s ]
INFO: [ app_end ] --START--
INFO: Run Behavior\ShowPageTraceBehavior [ RunTime:0.002000s ]
INFO: [ app_end ] --END-- [ RunTime:0.002000s ]

[ 2018-03-28T13:43:47+08:00 ] 127.0.0.1 /index.php/Admin/Email/getMsgCount.html
INFO: [ app_begin ] --START--
INFO: Run Behavior\ReadHtmlCacheBehavior [ RunTime:0.001000s ]
INFO: [ app_begin ] --END-- [ RunTime:0.001000s ]
NOTIC: [8] Use of undefined constant RBAC_ROLES_AUTHS - assumed 'RBAC_ROLES_AUTHS' D:\TP-Project\Application\Admin\Controller\CommonController.class.php 第 33 行.
SQL: SHOW COLUMNS FROM `sp_email` [ RunTime:0.0040s ]
SQL: SELECT COUNT(*) AS tp_count FROM `sp_email` WHERE ( isread = 0 and to_id = 1 ) LIMIT 1   [ RunTime:0.0000s ]
INFO: [ app_end ] --START--
INFO: Run Behavior\ShowPageTraceBehavior [ RunTime:0.002000s ]
INFO: [ app_end ] --END-- [ RunTime:0.002000s ]

[ 2018-03-28T13:43:50+08:00 ] 127.0.0.1 /index.php/Admin/Email/getMsgCount.html
INFO: [ app_begin ] --START--
INFO: Run Behavior\ReadHtmlCacheBehavior [ RunTime:0.001000s ]
INFO: [ app_begin ] --END-- [ RunTime:0.001000s ]
NOTIC: [8] Use of undefined constant RBAC_ROLES_AUTHS - assumed 'RBAC_ROLES_AUTHS' D:\TP-Project\Application\Admin\Controller\CommonController.class.php 第 33 行.
SQL: SHOW COLUMNS FROM `sp_email` [ RunTime:0.0040s ]
SQL: SELECT COUNT(*) AS tp_count FROM `sp_email` WHERE ( isread = 0 and to_id = 1 ) LIMIT 1   [ RunTime:0.0000s ]
INFO: [ app_end ] --START--
INFO: Run Behavior\ShowPageTraceBehavior [ RunTime:0.002000s ]
INFO: [ app_end ] --END-- [ RunTime:0.002000s ]

[ 2018-03-28T13:43:53+08:00 ] 127.0.0.1 /index.php/Admin/Email/getMsgCount.html
INFO: [ app_begin ] --START--
INFO: Run Behavior\ReadHtmlCacheBehavior [ RunTime:0.001000s ]
INFO: [ app_begin ] --END-- [ RunTime:0.001000s ]
NOTIC: [8] Use of undefined constant RBAC_ROLES_AUTHS - assumed 'RBAC_ROLES_AUTHS' D:\TP-Project\Application\Admin\Controller\CommonController.class.php 第 33 行.
SQL: SHOW COLUMNS FROM `sp_email` [ RunTime:0.0030s ]
SQL: SELECT COUNT(*) AS tp_count FROM `sp_email` WHERE ( isread = 0 and to_id = 1 ) LIMIT 1   [ RunTime:0.0000s ]
INFO: [ app_end ] --START--
INFO: Run Behavior\ShowPageTraceBehavior [ RunTime:0.002000s ]
INFO: [ app_end ] --END-- [ RunTime:0.002000s ]

[ 2018-03-28T13:43:56+08:00 ] 127.0.0.1 /index.php/Admin/Email/getMsgCount.html
INFO: [ app_begin ] --START--
INFO: Run Behavior\ReadHtmlCacheBehavior [ RunTime:0.003000s ]
INFO: [ app_begin ] --END-- [ RunTime:0.003000s ]
NOTIC: [8] Use of undefined constant RBAC_ROLES_AUTHS - assumed 'RBAC_ROLES_AUTHS' D:\TP-Project\Application\Admin\Controller\CommonController.class.php 第 33 行.
SQL: SHOW COLUMNS FROM `sp_email` [ RunTime:0.0050s ]
SQL: SELECT COUNT(*) AS tp_count FROM `sp_email` WHERE ( isread = 0 and to_id = 1 ) LIMIT 1   [ RunTime:0.0010s ]
INFO: [ app_end ] --START--
INFO: Run Behavior\ShowPageTraceBehavior [ RunTime:0.002001s ]
INFO: [ app_end ] --END-- [ RunTime:0.002001s ]

[ 2018-03-28T13:43:59+08:00 ] 127.0.0.1 /index.php/Admin/Email/getMsgCount.html
INFO: [ app_begin ] --START--
INFO: Run Behavior\ReadHtmlCacheBehavior [ RunTime:0.002000s ]
INFO: [ app_begin ] --END-- [ RunTime:0.002000s ]
NOTIC: [8] Use of undefined constant RBAC_ROLES_AUTHS - assumed 'RBAC_ROLES_AUTHS' D:\TP-Project\Application\Admin\Controller\CommonController.class.php 第 33 行.
SQL: SHOW COLUMNS FROM `sp_email` [ RunTime:0.0040s ]
SQL: SELECT COUNT(*) AS tp_count FROM `sp_email` WHERE ( isread = 0 and to_id = 1 ) LIMIT 1   [ RunTime:0.0010s ]
INFO: [ app_end ] --START--
INFO: Run Behavior\ShowPageTraceBehavior [ RunTime:0.002000s ]
INFO: [ app_end ] --END-- [ RunTime:0.002000s ]

[ 2018-03-28T13:44:02+08:00 ] 127.0.0.1 /index.php/Admin/Email/getMsgCount.html
INFO: [ app_begin ] --START--
INFO: Run Behavior\ReadHtmlCacheBehavior [ RunTime:0.002000s ]
INFO: [ app_begin ] --END-- [ RunTime:0.002000s ]
NOTIC: [8] Use of undefined constant RBAC_ROLES_AUTHS - assumed 'RBAC_ROLES_AUTHS' D:\TP-Project\Application\Admin\Controller\CommonController.class.php 第 33 行.
SQL: SHOW COLUMNS FROM `sp_email` [ RunTime:0.0030s ]
SQL: SELECT COUNT(*) AS tp_count FROM `sp_email` WHERE ( isread = 0 and to_id = 1 ) LIMIT 1   [ RunTime:0.0000s ]
INFO: [ app_end ] --START--
INFO: Run Behavior\ShowPageTraceBehavior [ RunTime:0.002000s ]
INFO: [ app_end ] --END-- [ RunTime:0.002000s ]

