[ 2020-05-08T17:43:29+08:00 ] 127.0.0.1 /index.php/Admin/Email/getMsgCount.html
INFO: [ app_begin ] --START--
INFO: Run Behavior\ReadHtmlCacheBehavior [ RunTime:0.002000s ]
INFO: [ app_begin ] --END-- [ RunTime:0.003000s ]
NOTIC: [8] Use of undefined constant RBAC_ROLES_AUTHS - assumed 'RBAC_ROLES_AUTHS' D:\TP-Project\Application\Admin\Controller\CommonController.class.php 第 33 行.
SQL: SHOW COLUMNS FROM `sp_email` [ RunTime:0.1480s ]
SQL: SELECT COUNT(*) AS tp_count FROM `sp_email` WHERE ( isread = 0 and to_id = 1 ) LIMIT 1   [ RunTime:0.0010s ]
INFO: [ app_end ] --START--
INFO: Run Behavior\ShowPageTraceBehavior [ RunTime:0.003001s ]
INFO: [ app_end ] --END-- [ RunTime:0.003001s ]

[ 2020-05-08T17:43:31+08:00 ] 127.0.0.1 /index.php/Admin/Email/getMsgCount.html
INFO: [ app_begin ] --START--
INFO: Run Behavior\ReadHtmlCacheBehavior [ RunTime:0.003000s ]
INFO: [ app_begin ] --END-- [ RunTime:0.004000s ]
NOTIC: [8] Use of undefined constant RBAC_ROLES_AUTHS - assumed 'RBAC_ROLES_AUTHS' D:\TP-Project\Application\Admin\Controller\CommonController.class.php 第 33 行.
SQL: SHOW COLUMNS FROM `sp_email` [ RunTime:0.0040s ]
SQL: SELECT COUNT(*) AS tp_count FROM `sp_email` WHERE ( isread = 0 and to_id = 1 ) LIMIT 1   [ RunTime:0.0010s ]
INFO: [ app_end ] --START--
INFO: Run Behavior\ShowPageTraceBehavior [ RunTime:0.002000s ]
INFO: [ app_end ] --END-- [ RunTime:0.003000s ]

[ 2020-05-08T17:43:34+08:00 ] 127.0.0.1 /index.php/Admin/Email/getMsgCount.html
INFO: [ app_begin ] --START--
INFO: Run Behavior\ReadHtmlCacheBehavior [ RunTime:0.002000s ]
INFO: [ app_begin ] --END-- [ RunTime:0.003000s ]
NOTIC: [8] Use of undefined constant RBAC_ROLES_AUTHS - assumed 'RBAC_ROLES_AUTHS' D:\TP-Project\Application\Admin\Controller\CommonController.class.php 第 33 行.
SQL: SHOW COLUMNS FROM `sp_email` [ RunTime:0.0050s ]
SQL: SELECT COUNT(*) AS tp_count FROM `sp_email` WHERE ( isread = 0 and to_id = 1 ) LIMIT 1   [ RunTime:0.0000s ]
INFO: [ app_end ] --START--
INFO: Run Behavior\ShowPageTraceBehavior [ RunTime:0.002000s ]
INFO: [ app_end ] --END-- [ RunTime:0.002000s ]

[ 2020-05-08T17:43:37+08:00 ] 127.0.0.1 /index.php/Admin/Email/getMsgCount.html
INFO: [ app_begin ] --START--
INFO: Run Behavior\ReadHtmlCacheBehavior [ RunTime:0.002001s ]
INFO: [ app_begin ] --END-- [ RunTime:0.003001s ]
NOTIC: [8] Use of undefined constant RBAC_ROLES_AUTHS - assumed 'RBAC_ROLES_AUTHS' D:\TP-Project\Application\Admin\Controller\CommonController.class.php 第 33 行.
SQL: SHOW COLUMNS FROM `sp_email` [ RunTime:0.0030s ]
SQL: SELECT COUNT(*) AS tp_count FROM `sp_email` WHERE ( isread = 0 and to_id = 1 ) LIMIT 1   [ RunTime:0.0010s ]
INFO: [ app_end ] --START--
INFO: Run Behavior\ShowPageTraceBehavior [ RunTime:0.001000s ]
INFO: [ app_end ] --END-- [ RunTime:0.003000s ]

[ 2020-05-08T17:43:40+08:00 ] 127.0.0.1 /index.php/Admin/Email/getMsgCount.html
INFO: [ app_begin ] --START--
INFO: Run Behavior\ReadHtmlCacheBehavior [ RunTime:0.002000s ]
INFO: [ app_begin ] --END-- [ RunTime:0.003000s ]
NOTIC: [8] Use of undefined constant RBAC_ROLES_AUTHS - assumed 'RBAC_ROLES_AUTHS' D:\TP-Project\Application\Admin\Controller\CommonController.class.php 第 33 行.
SQL: SHOW COLUMNS FROM `sp_email` [ RunTime:0.0340s ]
SQL: SELECT COUNT(*) AS tp_count FROM `sp_email` WHERE ( isread = 0 and to_id = 1 ) LIMIT 1   [ RunTime:0.0010s ]
INFO: [ app_end ] --START--
INFO: Run Behavior\ShowPageTraceBehavior [ RunTime:0.002000s ]
INFO: [ app_end ] --END-- [ RunTime:0.003000s ]

[ 2020-05-08T17:43:43+08:00 ] 127.0.0.1 /index.php/Admin/Email/getMsgCount.html
INFO: [ app_begin ] --START--
INFO: Run Behavior\ReadHtmlCacheBehavior [ RunTime:0.001000s ]
INFO: [ app_begin ] --END-- [ RunTime:0.003000s ]
NOTIC: [8] Use of undefined constant RBAC_ROLES_AUTHS - assumed 'RBAC_ROLES_AUTHS' D:\TP-Project\Application\Admin\Controller\CommonController.class.php 第 33 行.
SQL: SHOW COLUMNS FROM `sp_email` [ RunTime:0.0040s ]
SQL: SELECT COUNT(*) AS tp_count FROM `sp_email` WHERE ( isread = 0 and to_id = 1 ) LIMIT 1   [ RunTime:0.0010s ]
INFO: [ app_end ] --START--
INFO: Run Behavior\ShowPageTraceBehavior [ RunTime:0.001000s ]
INFO: [ app_end ] --END-- [ RunTime:0.003000s ]

[ 2020-05-08T17:43:47+08:00 ] 127.0.0.1 /index.php/Admin/Email/getMsgCount.html
INFO: [ app_begin ] --START--
INFO: Run Behavior\ReadHtmlCacheBehavior [ RunTime:0.001000s ]
INFO: [ app_begin ] --END-- [ RunTime:0.003001s ]
NOTIC: [8] Use of undefined constant RBAC_ROLES_AUTHS - assumed 'RBAC_ROLES_AUTHS' D:\TP-Project\Application\Admin\Controller\CommonController.class.php 第 33 行.
SQL: SHOW COLUMNS FROM `sp_email` [ RunTime:0.0050s ]
SQL: SELECT COUNT(*) AS tp_count FROM `sp_email` WHERE ( isread = 0 and to_id = 1 ) LIMIT 1   [ RunTime:0.0010s ]
INFO: [ app_end ] --START--
INFO: Run Behavior\ShowPageTraceBehavior [ RunTime:0.002000s ]
INFO: [ app_end ] --END-- [ RunTime:0.003000s ]

[ 2020-05-08T17:43:49+08:00 ] 127.0.0.1 /index.php/Admin/Email/getMsgCount.html
INFO: [ app_begin ] --START--
INFO: Run Behavior\ReadHtmlCacheBehavior [ RunTime:0.002000s ]
INFO: [ app_begin ] --END-- [ RunTime:0.003000s ]
NOTIC: [8] Use of undefined constant RBAC_ROLES_AUTHS - assumed 'RBAC_ROLES_AUTHS' D:\TP-Project\Application\Admin\Controller\CommonController.class.php 第 33 行.
SQL: SHOW COLUMNS FROM `sp_email` [ RunTime:0.0040s ]
SQL: SELECT COUNT(*) AS tp_count FROM `sp_email` WHERE ( isread = 0 and to_id = 1 ) LIMIT 1   [ RunTime:0.0000s ]
INFO: [ app_end ] --START--
INFO: Run Behavior\ShowPageTraceBehavior [ RunTime:0.002000s ]
INFO: [ app_end ] --END-- [ RunTime:0.003000s ]

[ 2020-05-08T17:43:52+08:00 ] 127.0.0.1 /index.php/Admin/Email/getMsgCount.html
INFO: [ app_begin ] --START--
INFO: Run Behavior\ReadHtmlCacheBehavior [ RunTime:0.002000s ]
INFO: [ app_begin ] --END-- [ RunTime:0.003001s ]
NOTIC: [8] Use of undefined constant RBAC_ROLES_AUTHS - assumed 'RBAC_ROLES_AUTHS' D:\TP-Project\Application\Admin\Controller\CommonController.class.php 第 33 行.
SQL: SHOW COLUMNS FROM `sp_email` [ RunTime:0.0100s ]
SQL: SELECT COUNT(*) AS tp_count FROM `sp_email` WHERE ( isread = 0 and to_id = 1 ) LIMIT 1   [ RunTime:0.0010s ]
INFO: [ app_end ] --START--
INFO: Run Behavior\ShowPageTraceBehavior [ RunTime:0.002000s ]
INFO: [ app_end ] --END-- [ RunTime:0.003000s ]

[ 2020-05-08T17:43:55+08:00 ] 127.0.0.1 /index.php/Admin/Email/getMsgCount.html
INFO: [ app_begin ] --START--
INFO: Run Behavior\ReadHtmlCacheBehavior [ RunTime:0.004001s ]
INFO: [ app_begin ] --END-- [ RunTime:0.005001s ]
NOTIC: [8] Use of undefined constant RBAC_ROLES_AUTHS - assumed 'RBAC_ROLES_AUTHS' D:\TP-Project\Application\Admin\Controller\CommonController.class.php 第 33 行.
SQL: SHOW COLUMNS FROM `sp_email` [ RunTime:0.0070s ]
SQL: SELECT COUNT(*) AS tp_count FROM `sp_email` WHERE ( isread = 0 and to_id = 1 ) LIMIT 1   [ RunTime:0.0000s ]
INFO: [ app_end ] --START--
INFO: Run Behavior\ShowPageTraceBehavior [ RunTime:0.003001s ]
INFO: [ app_end ] --END-- [ RunTime:0.004001s ]

[ 2020-05-08T17:43:58+08:00 ] 127.0.0.1 /index.php/Admin/Email/getMsgCount.html
INFO: [ app_begin ] --START--
INFO: Run Behavior\ReadHtmlCacheBehavior [ RunTime:0.002000s ]
INFO: [ app_begin ] --END-- [ RunTime:0.003000s ]
NOTIC: [8] Use of undefined constant RBAC_ROLES_AUTHS - assumed 'RBAC_ROLES_AUTHS' D:\TP-Project\Application\Admin\Controller\CommonController.class.php 第 33 行.
SQL: SHOW COLUMNS FROM `sp_email` [ RunTime:0.0050s ]
SQL: SELECT COUNT(*) AS tp_count FROM `sp_email` WHERE ( isread = 0 and to_id = 1 ) LIMIT 1   [ RunTime:0.0010s ]
INFO: [ app_end ] --START--
INFO: Run Behavior\ShowPageTraceBehavior [ RunTime:0.002000s ]
INFO: [ app_end ] --END-- [ RunTime:0.003000s ]

[ 2020-05-08T17:44:01+08:00 ] 127.0.0.1 /index.php/Admin/Email/getMsgCount.html
INFO: [ app_begin ] --START--
INFO: Run Behavior\ReadHtmlCacheBehavior [ RunTime:0.002000s ]
INFO: [ app_begin ] --END-- [ RunTime:0.003000s ]
NOTIC: [8] Use of undefined constant RBAC_ROLES_AUTHS - assumed 'RBAC_ROLES_AUTHS' D:\TP-Project\Application\Admin\Controller\CommonController.class.php 第 33 行.
SQL: SHOW COLUMNS FROM `sp_email` [ RunTime:0.0040s ]
SQL: SELECT COUNT(*) AS tp_count FROM `sp_email` WHERE ( isread = 0 and to_id = 1 ) LIMIT 1   [ RunTime:0.0010s ]
INFO: [ app_end ] --START--
INFO: Run Behavior\ShowPageTraceBehavior [ RunTime:0.003000s ]
INFO: [ app_end ] --END-- [ RunTime:0.003000s ]

[ 2020-05-08T17:44:04+08:00 ] 127.0.0.1 /index.php/Admin/Email/getMsgCount.html
INFO: [ app_begin ] --START--
INFO: Run Behavior\ReadHtmlCacheBehavior [ RunTime:0.002000s ]
INFO: [ app_begin ] --END-- [ RunTime:0.002000s ]
NOTIC: [8] Use of undefined constant RBAC_ROLES_AUTHS - assumed 'RBAC_ROLES_AUTHS' D:\TP-Project\Application\Admin\Controller\CommonController.class.php 第 33 行.
SQL: SHOW COLUMNS FROM `sp_email` [ RunTime:0.0820s ]
SQL: SELECT COUNT(*) AS tp_count FROM `sp_email` WHERE ( isread = 0 and to_id = 1 ) LIMIT 1   [ RunTime:0.0000s ]
INFO: [ app_end ] --START--
INFO: Run Behavior\ShowPageTraceBehavior [ RunTime:0.002000s ]
INFO: [ app_end ] --END-- [ RunTime:0.003000s ]

[ 2020-05-08T17:44:07+08:00 ] 127.0.0.1 /index.php/Admin/Email/getMsgCount.html
INFO: [ app_begin ] --START--
INFO: Run Behavior\ReadHtmlCacheBehavior [ RunTime:0.002000s ]
INFO: [ app_begin ] --END-- [ RunTime:0.003001s ]
NOTIC: [8] Use of undefined constant RBAC_ROLES_AUTHS - assumed 'RBAC_ROLES_AUTHS' D:\TP-Project\Application\Admin\Controller\CommonController.class.php 第 33 行.
SQL: SHOW COLUMNS FROM `sp_email` [ RunTime:0.0040s ]
SQL: SELECT COUNT(*) AS tp_count FROM `sp_email` WHERE ( isread = 0 and to_id = 1 ) LIMIT 1   [ RunTime:0.0000s ]
INFO: [ app_end ] --START--
INFO: Run Behavior\ShowPageTraceBehavior [ RunTime:0.002000s ]
INFO: [ app_end ] --END-- [ RunTime:0.002000s ]

[ 2020-05-08T17:44:10+08:00 ] 127.0.0.1 /index.php/Admin/Email/getMsgCount.html
INFO: [ app_begin ] --START--
INFO: Run Behavior\ReadHtmlCacheBehavior [ RunTime:0.002000s ]
INFO: [ app_begin ] --END-- [ RunTime:0.003000s ]
NOTIC: [8] Use of undefined constant RBAC_ROLES_AUTHS - assumed 'RBAC_ROLES_AUTHS' D:\TP-Project\Application\Admin\Controller\CommonController.class.php 第 33 行.
SQL: SHOW COLUMNS FROM `sp_email` [ RunTime:0.0030s ]
SQL: SELECT COUNT(*) AS tp_count FROM `sp_email` WHERE ( isread = 0 and to_id = 1 ) LIMIT 1   [ RunTime:0.0010s ]
INFO: [ app_end ] --START--
INFO: Run Behavior\ShowPageTraceBehavior [ RunTime:0.002000s ]
INFO: [ app_end ] --END-- [ RunTime:0.003000s ]

[ 2020-05-08T17:44:14+08:00 ] 127.0.0.1 /index.php/Admin/Email/getMsgCount.html
INFO: [ app_begin ] --START--
INFO: Run Behavior\ReadHtmlCacheBehavior [ RunTime:0.001000s ]
INFO: [ app_begin ] --END-- [ RunTime:0.003001s ]
NOTIC: [8] Use of undefined constant RBAC_ROLES_AUTHS - assumed 'RBAC_ROLES_AUTHS' D:\TP-Project\Application\Admin\Controller\CommonController.class.php 第 33 行.
SQL: SHOW COLUMNS FROM `sp_email` [ RunTime:0.0050s ]
SQL: SELECT COUNT(*) AS tp_count FROM `sp_email` WHERE ( isread = 0 and to_id = 1 ) LIMIT 1   [ RunTime:0.0020s ]
INFO: [ app_end ] --START--
INFO: Run Behavior\ShowPageTraceBehavior [ RunTime:0.003001s ]
INFO: [ app_end ] --END-- [ RunTime:0.004001s ]

[ 2020-05-08T17:44:17+08:00 ] 127.0.0.1 /index.php/Admin/Email/getMsgCount.html
INFO: [ app_begin ] --START--
INFO: Run Behavior\ReadHtmlCacheBehavior [ RunTime:0.003000s ]
INFO: [ app_begin ] --END-- [ RunTime:0.005000s ]
NOTIC: [8] Use of undefined constant RBAC_ROLES_AUTHS - assumed 'RBAC_ROLES_AUTHS' D:\TP-Project\Application\Admin\Controller\CommonController.class.php 第 33 行.
SQL: SHOW COLUMNS FROM `sp_email` [ RunTime:0.0960s ]
SQL: SELECT COUNT(*) AS tp_count FROM `sp_email` WHERE ( isread = 0 and to_id = 1 ) LIMIT 1   [ RunTime:0.0010s ]
INFO: [ app_end ] --START--
INFO: Run Behavior\ShowPageTraceBehavior [ RunTime:0.001000s ]
INFO: [ app_end ] --END-- [ RunTime:0.003000s ]

[ 2020-05-08T17:44:19+08:00 ] 127.0.0.1 /index.php/Admin/Email/getMsgCount.html
INFO: [ app_begin ] --START--
INFO: Run Behavior\ReadHtmlCacheBehavior [ RunTime:0.001000s ]
INFO: [ app_begin ] --END-- [ RunTime:0.003000s ]
NOTIC: [8] Use of undefined constant RBAC_ROLES_AUTHS - assumed 'RBAC_ROLES_AUTHS' D:\TP-Project\Application\Admin\Controller\CommonController.class.php 第 33 行.
SQL: SHOW COLUMNS FROM `sp_email` [ RunTime:0.0040s ]
SQL: SELECT COUNT(*) AS tp_count FROM `sp_email` WHERE ( isread = 0 and to_id = 1 ) LIMIT 1   [ RunTime:0.0010s ]
INFO: [ app_end ] --START--
INFO: Run Behavior\ShowPageTraceBehavior [ RunTime:0.001000s ]
INFO: [ app_end ] --END-- [ RunTime:0.003000s ]

[ 2020-05-08T17:44:22+08:00 ] 127.0.0.1 /index.php/Admin/Email/getMsgCount.html
INFO: [ app_begin ] --START--
INFO: Run Behavior\ReadHtmlCacheBehavior [ RunTime:0.002000s ]
INFO: [ app_begin ] --END-- [ RunTime:0.002000s ]
NOTIC: [8] Use of undefined constant RBAC_ROLES_AUTHS - assumed 'RBAC_ROLES_AUTHS' D:\TP-Project\Application\Admin\Controller\CommonController.class.php 第 33 行.
SQL: SHOW COLUMNS FROM `sp_email` [ RunTime:0.0040s ]
SQL: SELECT COUNT(*) AS tp_count FROM `sp_email` WHERE ( isread = 0 and to_id = 1 ) LIMIT 1   [ RunTime:0.0010s ]
INFO: [ app_end ] --START--
INFO: Run Behavior\ShowPageTraceBehavior [ RunTime:0.001000s ]
INFO: [ app_end ] --END-- [ RunTime:0.003000s ]

[ 2020-05-08T17:44:25+08:00 ] 127.0.0.1 /index.php/Admin/Email/getMsgCount.html
INFO: [ app_begin ] --START--
INFO: Run Behavior\ReadHtmlCacheBehavior [ RunTime:0.002000s ]
INFO: [ app_begin ] --END-- [ RunTime:0.002000s ]
NOTIC: [8] Use of undefined constant RBAC_ROLES_AUTHS - assumed 'RBAC_ROLES_AUTHS' D:\TP-Project\Application\Admin\Controller\CommonController.class.php 第 33 行.
SQL: SHOW COLUMNS FROM `sp_email` [ RunTime:0.0620s ]
SQL: SELECT COUNT(*) AS tp_count FROM `sp_email` WHERE ( isread = 0 and to_id = 1 ) LIMIT 1   [ RunTime:0.0010s ]
INFO: [ app_end ] --START--
INFO: Run Behavior\ShowPageTraceBehavior [ RunTime:0.002000s ]
INFO: [ app_end ] --END-- [ RunTime:0.003001s ]

[ 2020-05-08T17:44:28+08:00 ] 127.0.0.1 /index.php/Admin/Email/getMsgCount.html
INFO: [ app_begin ] --START--
INFO: Run Behavior\ReadHtmlCacheBehavior [ RunTime:0.001000s ]
INFO: [ app_begin ] --END-- [ RunTime:0.003000s ]
NOTIC: [8] Use of undefined constant RBAC_ROLES_AUTHS - assumed 'RBAC_ROLES_AUTHS' D:\TP-Project\Application\Admin\Controller\CommonController.class.php 第 33 行.
SQL: SHOW COLUMNS FROM `sp_email` [ RunTime:0.0040s ]
SQL: SELECT COUNT(*) AS tp_count FROM `sp_email` WHERE ( isread = 0 and to_id = 1 ) LIMIT 1   [ RunTime:0.0010s ]
INFO: [ app_end ] --START--
INFO: Run Behavior\ShowPageTraceBehavior [ RunTime:0.001000s ]
INFO: [ app_end ] --END-- [ RunTime:0.003000s ]

[ 2020-05-08T17:44:31+08:00 ] 127.0.0.1 /index.php/Admin/Email/getMsgCount.html
INFO: [ app_begin ] --START--
INFO: Run Behavior\ReadHtmlCacheBehavior [ RunTime:0.002000s ]
INFO: [ app_begin ] --END-- [ RunTime:0.002000s ]
NOTIC: [8] Use of undefined constant RBAC_ROLES_AUTHS - assumed 'RBAC_ROLES_AUTHS' D:\TP-Project\Application\Admin\Controller\CommonController.class.php 第 33 行.
SQL: SHOW COLUMNS FROM `sp_email` [ RunTime:0.0040s ]
SQL: SELECT COUNT(*) AS tp_count FROM `sp_email` WHERE ( isread = 0 and to_id = 1 ) LIMIT 1   [ RunTime:0.0010s ]
INFO: [ app_end ] --START--
INFO: Run Behavior\ShowPageTraceBehavior [ RunTime:0.002000s ]
INFO: [ app_end ] --END-- [ RunTime:0.003000s ]

[ 2020-05-08T17:44:34+08:00 ] 127.0.0.1 /index.php/Admin/Email/getMsgCount.html
INFO: [ app_begin ] --START--
INFO: Run Behavior\ReadHtmlCacheBehavior [ RunTime:0.002000s ]
INFO: [ app_begin ] --END-- [ RunTime:0.002000s ]
NOTIC: [8] Use of undefined constant RBAC_ROLES_AUTHS - assumed 'RBAC_ROLES_AUTHS' D:\TP-Project\Application\Admin\Controller\CommonController.class.php 第 33 行.
SQL: SHOW COLUMNS FROM `sp_email` [ RunTime:0.0040s ]
SQL: SELECT COUNT(*) AS tp_count FROM `sp_email` WHERE ( isread = 0 and to_id = 1 ) LIMIT 1   [ RunTime:0.0010s ]
INFO: [ app_end ] --START--
INFO: Run Behavior\ShowPageTraceBehavior [ RunTime:0.002000s ]
INFO: [ app_end ] --END-- [ RunTime:0.003000s ]

[ 2020-05-08T17:44:37+08:00 ] 127.0.0.1 /index.php/Admin/Email/getMsgCount.html
INFO: [ app_begin ] --START--
INFO: Run Behavior\ReadHtmlCacheBehavior [ RunTime:0.002000s ]
INFO: [ app_begin ] --END-- [ RunTime:0.003000s ]
NOTIC: [8] Use of undefined constant RBAC_ROLES_AUTHS - assumed 'RBAC_ROLES_AUTHS' D:\TP-Project\Application\Admin\Controller\CommonController.class.php 第 33 行.
SQL: SHOW COLUMNS FROM `sp_email` [ RunTime:0.0040s ]
SQL: SELECT COUNT(*) AS tp_count FROM `sp_email` WHERE ( isread = 0 and to_id = 1 ) LIMIT 1   [ RunTime:0.0010s ]
INFO: [ app_end ] --START--
INFO: Run Behavior\ShowPageTraceBehavior [ RunTime:0.002000s ]
INFO: [ app_end ] --END-- [ RunTime:0.003000s ]

[ 2020-05-08T17:44:40+08:00 ] 127.0.0.1 /index.php/Admin/Email/getMsgCount.html
INFO: [ app_begin ] --START--
INFO: Run Behavior\ReadHtmlCacheBehavior [ RunTime:0.002000s ]
INFO: [ app_begin ] --END-- [ RunTime:0.002000s ]
NOTIC: [8] Use of undefined constant RBAC_ROLES_AUTHS - assumed 'RBAC_ROLES_AUTHS' D:\TP-Project\Application\Admin\Controller\CommonController.class.php 第 33 行.
SQL: SHOW COLUMNS FROM `sp_email` [ RunTime:0.0040s ]
SQL: SELECT COUNT(*) AS tp_count FROM `sp_email` WHERE ( isread = 0 and to_id = 1 ) LIMIT 1   [ RunTime:0.0010s ]
INFO: [ app_end ] --START--
INFO: Run Behavior\ShowPageTraceBehavior [ RunTime:0.001000s ]
INFO: [ app_end ] --END-- [ RunTime:0.003001s ]

[ 2020-05-08T17:44:43+08:00 ] 127.0.0.1 /index.php/Admin/Email/getMsgCount.html
INFO: [ app_begin ] --START--
INFO: Run Behavior\ReadHtmlCacheBehavior [ RunTime:0.002000s ]
INFO: [ app_begin ] --END-- [ RunTime:0.002000s ]
NOTIC: [8] Use of undefined constant RBAC_ROLES_AUTHS - assumed 'RBAC_ROLES_AUTHS' D:\TP-Project\Application\Admin\Controller\CommonController.class.php 第 33 行.
SQL: SHOW COLUMNS FROM `sp_email` [ RunTime:0.0050s ]
SQL: SELECT COUNT(*) AS tp_count FROM `sp_email` WHERE ( isread = 0 and to_id = 1 ) LIMIT 1   [ RunTime:0.0010s ]
INFO: [ app_end ] --START--
INFO: Run Behavior\ShowPageTraceBehavior [ RunTime:0.002000s ]
INFO: [ app_end ] --END-- [ RunTime:0.003000s ]

[ 2020-05-08T17:44:46+08:00 ] 127.0.0.1 /index.php/Admin/Email/getMsgCount.html
INFO: [ app_begin ] --START--
INFO: Run Behavior\ReadHtmlCacheBehavior [ RunTime:0.002000s ]
INFO: [ app_begin ] --END-- [ RunTime:0.002000s ]
NOTIC: [8] Use of undefined constant RBAC_ROLES_AUTHS - assumed 'RBAC_ROLES_AUTHS' D:\TP-Project\Application\Admin\Controller\CommonController.class.php 第 33 行.
SQL: SHOW COLUMNS FROM `sp_email` [ RunTime:0.0040s ]
SQL: SELECT COUNT(*) AS tp_count FROM `sp_email` WHERE ( isread = 0 and to_id = 1 ) LIMIT 1   [ RunTime:0.0010s ]
INFO: [ app_end ] --START--
INFO: Run Behavior\ShowPageTraceBehavior [ RunTime:0.001000s ]
INFO: [ app_end ] --END-- [ RunTime:0.003000s ]

[ 2020-05-08T17:44:49+08:00 ] 127.0.0.1 /index.php/Admin/Email/getMsgCount.html
INFO: [ app_begin ] --START--
INFO: Run Behavior\ReadHtmlCacheBehavior [ RunTime:0.001000s ]
INFO: [ app_begin ] --END-- [ RunTime:0.003000s ]
NOTIC: [8] Use of undefined constant RBAC_ROLES_AUTHS - assumed 'RBAC_ROLES_AUTHS' D:\TP-Project\Application\Admin\Controller\CommonController.class.php 第 33 行.
SQL: SHOW COLUMNS FROM `sp_email` [ RunTime:0.0730s ]
SQL: SELECT COUNT(*) AS tp_count FROM `sp_email` WHERE ( isread = 0 and to_id = 1 ) LIMIT 1   [ RunTime:0.0000s ]
INFO: [ app_end ] --START--
INFO: Run Behavior\ShowPageTraceBehavior [ RunTime:0.002000s ]
INFO: [ app_end ] --END-- [ RunTime:0.003000s ]

[ 2020-05-08T17:44:52+08:00 ] 127.0.0.1 /index.php/Admin/Email/getMsgCount.html
INFO: [ app_begin ] --START--
INFO: Run Behavior\ReadHtmlCacheBehavior [ RunTime:0.001000s ]
INFO: [ app_begin ] --END-- [ RunTime:0.003001s ]
NOTIC: [8] Use of undefined constant RBAC_ROLES_AUTHS - assumed 'RBAC_ROLES_AUTHS' D:\TP-Project\Application\Admin\Controller\CommonController.class.php 第 33 行.
SQL: SHOW COLUMNS FROM `sp_email` [ RunTime:0.0040s ]
SQL: SELECT COUNT(*) AS tp_count FROM `sp_email` WHERE ( isread = 0 and to_id = 1 ) LIMIT 1   [ RunTime:0.0010s ]
INFO: [ app_end ] --START--
INFO: Run Behavior\ShowPageTraceBehavior [ RunTime:0.001000s ]
INFO: [ app_end ] --END-- [ RunTime:0.003000s ]

[ 2020-05-08T17:44:55+08:00 ] 127.0.0.1 /index.php/Admin/Email/getMsgCount.html
INFO: [ app_begin ] --START--
INFO: Run Behavior\ReadHtmlCacheBehavior [ RunTime:0.002000s ]
INFO: [ app_begin ] --END-- [ RunTime:0.002000s ]
NOTIC: [8] Use of undefined constant RBAC_ROLES_AUTHS - assumed 'RBAC_ROLES_AUTHS' D:\TP-Project\Application\Admin\Controller\CommonController.class.php 第 33 行.
SQL: SHOW COLUMNS FROM `sp_email` [ RunTime:0.0040s ]
SQL: SELECT COUNT(*) AS tp_count FROM `sp_email` WHERE ( isread = 0 and to_id = 1 ) LIMIT 1   [ RunTime:0.0010s ]
INFO: [ app_end ] --START--
INFO: Run Behavior\ShowPageTraceBehavior [ RunTime:0.002000s ]
INFO: [ app_end ] --END-- [ RunTime:0.003000s ]

[ 2020-05-08T17:44:58+08:00 ] 127.0.0.1 /index.php/Admin/Email/getMsgCount.html
INFO: [ app_begin ] --START--
INFO: Run Behavior\ReadHtmlCacheBehavior [ RunTime:0.002000s ]
INFO: [ app_begin ] --END-- [ RunTime:0.003000s ]
NOTIC: [8] Use of undefined constant RBAC_ROLES_AUTHS - assumed 'RBAC_ROLES_AUTHS' D:\TP-Project\Application\Admin\Controller\CommonController.class.php 第 33 行.
SQL: SHOW COLUMNS FROM `sp_email` [ RunTime:0.0050s ]
SQL: SELECT COUNT(*) AS tp_count FROM `sp_email` WHERE ( isread = 0 and to_id = 1 ) LIMIT 1   [ RunTime:0.0010s ]
INFO: [ app_end ] --START--
INFO: Run Behavior\ShowPageTraceBehavior [ RunTime:0.002000s ]
INFO: [ app_end ] --END-- [ RunTime:0.004000s ]

[ 2020-05-08T17:45:01+08:00 ] 127.0.0.1 /index.php/Admin/Email/getMsgCount.html
INFO: [ app_begin ] --START--
INFO: Run Behavior\ReadHtmlCacheBehavior [ RunTime:0.001000s ]
INFO: [ app_begin ] --END-- [ RunTime:0.003000s ]
NOTIC: [8] Use of undefined constant RBAC_ROLES_AUTHS - assumed 'RBAC_ROLES_AUTHS' D:\TP-Project\Application\Admin\Controller\CommonController.class.php 第 33 行.
SQL: SHOW COLUMNS FROM `sp_email` [ RunTime:0.0510s ]
SQL: SELECT COUNT(*) AS tp_count FROM `sp_email` WHERE ( isread = 0 and to_id = 1 ) LIMIT 1   [ RunTime:0.0010s ]
INFO: [ app_end ] --START--
INFO: Run Behavior\ShowPageTraceBehavior [ RunTime:0.002000s ]
INFO: [ app_end ] --END-- [ RunTime:0.002000s ]

[ 2020-05-08T17:45:04+08:00 ] 127.0.0.1 /index.php/Admin/Email/getMsgCount.html
INFO: [ app_begin ] --START--
INFO: Run Behavior\ReadHtmlCacheBehavior [ RunTime:0.002000s ]
INFO: [ app_begin ] --END-- [ RunTime:0.002000s ]
NOTIC: [8] Use of undefined constant RBAC_ROLES_AUTHS - assumed 'RBAC_ROLES_AUTHS' D:\TP-Project\Application\Admin\Controller\CommonController.class.php 第 33 行.
SQL: SHOW COLUMNS FROM `sp_email` [ RunTime:0.0040s ]
SQL: SELECT COUNT(*) AS tp_count FROM `sp_email` WHERE ( isread = 0 and to_id = 1 ) LIMIT 1   [ RunTime:0.0000s ]
INFO: [ app_end ] --START--
INFO: Run Behavior\ShowPageTraceBehavior [ RunTime:0.002000s ]
INFO: [ app_end ] --END-- [ RunTime:0.002000s ]

[ 2020-05-08T17:45:07+08:00 ] 127.0.0.1 /index.php/Admin/Email/getMsgCount.html
INFO: [ app_begin ] --START--
INFO: Run Behavior\ReadHtmlCacheBehavior [ RunTime:0.001000s ]
INFO: [ app_begin ] --END-- [ RunTime:0.003000s ]
NOTIC: [8] Use of undefined constant RBAC_ROLES_AUTHS - assumed 'RBAC_ROLES_AUTHS' D:\TP-Project\Application\Admin\Controller\CommonController.class.php 第 33 行.
SQL: SHOW COLUMNS FROM `sp_email` [ RunTime:0.0040s ]
SQL: SELECT COUNT(*) AS tp_count FROM `sp_email` WHERE ( isread = 0 and to_id = 1 ) LIMIT 1   [ RunTime:0.0000s ]
INFO: [ app_end ] --START--
INFO: Run Behavior\ShowPageTraceBehavior [ RunTime:0.002000s ]
INFO: [ app_end ] --END-- [ RunTime:0.002000s ]

[ 2020-05-08T17:45:10+08:00 ] 127.0.0.1 /index.php/Admin/Email/getMsgCount.html
INFO: [ app_begin ] --START--
INFO: Run Behavior\ReadHtmlCacheBehavior [ RunTime:0.001000s ]
INFO: [ app_begin ] --END-- [ RunTime:0.003000s ]
NOTIC: [8] Use of undefined constant RBAC_ROLES_AUTHS - assumed 'RBAC_ROLES_AUTHS' D:\TP-Project\Application\Admin\Controller\CommonController.class.php 第 33 行.
SQL: SHOW COLUMNS FROM `sp_email` [ RunTime:0.0030s ]
SQL: SELECT COUNT(*) AS tp_count FROM `sp_email` WHERE ( isread = 0 and to_id = 1 ) LIMIT 1   [ RunTime:0.0010s ]
INFO: [ app_end ] --START--
INFO: Run Behavior\ShowPageTraceBehavior [ RunTime:0.001000s ]
INFO: [ app_end ] --END-- [ RunTime:0.003000s ]

[ 2020-05-08T17:45:13+08:00 ] 127.0.0.1 /index.php/Admin/Email/getMsgCount.html
INFO: [ app_begin ] --START--
INFO: Run Behavior\ReadHtmlCacheBehavior [ RunTime:0.001000s ]
INFO: [ app_begin ] --END-- [ RunTime:0.003001s ]
NOTIC: [8] Use of undefined constant RBAC_ROLES_AUTHS - assumed 'RBAC_ROLES_AUTHS' D:\TP-Project\Application\Admin\Controller\CommonController.class.php 第 33 行.
SQL: SHOW COLUMNS FROM `sp_email` [ RunTime:0.0050s ]
SQL: SELECT COUNT(*) AS tp_count FROM `sp_email` WHERE ( isread = 0 and to_id = 1 ) LIMIT 1   [ RunTime:0.0010s ]
INFO: [ app_end ] --START--
INFO: Run Behavior\ShowPageTraceBehavior [ RunTime:0.002000s ]
INFO: [ app_end ] --END-- [ RunTime:0.003000s ]

[ 2020-05-08T17:45:16+08:00 ] 127.0.0.1 /index.php/Admin/Email/getMsgCount.html
INFO: [ app_begin ] --START--
INFO: Run Behavior\ReadHtmlCacheBehavior [ RunTime:0.001000s ]
INFO: [ app_begin ] --END-- [ RunTime:0.003000s ]
NOTIC: [8] Use of undefined constant RBAC_ROLES_AUTHS - assumed 'RBAC_ROLES_AUTHS' D:\TP-Project\Application\Admin\Controller\CommonController.class.php 第 33 行.
SQL: SHOW COLUMNS FROM `sp_email` [ RunTime:0.0040s ]
SQL: SELECT COUNT(*) AS tp_count FROM `sp_email` WHERE ( isread = 0 and to_id = 1 ) LIMIT 1   [ RunTime:0.0000s ]
INFO: [ app_end ] --START--
INFO: Run Behavior\ShowPageTraceBehavior [ RunTime:0.002000s ]
INFO: [ app_end ] --END-- [ RunTime:0.002000s ]

[ 2020-05-08T17:45:19+08:00 ] 127.0.0.1 /index.php/Admin/Email/getMsgCount.html
INFO: [ app_begin ] --START--
INFO: Run Behavior\ReadHtmlCacheBehavior [ RunTime:0.001000s ]
INFO: [ app_begin ] --END-- [ RunTime:0.003001s ]
NOTIC: [8] Use of undefined constant RBAC_ROLES_AUTHS - assumed 'RBAC_ROLES_AUTHS' D:\TP-Project\Application\Admin\Controller\CommonController.class.php 第 33 行.
SQL: SHOW COLUMNS FROM `sp_email` [ RunTime:0.0040s ]
SQL: SELECT COUNT(*) AS tp_count FROM `sp_email` WHERE ( isread = 0 and to_id = 1 ) LIMIT 1   [ RunTime:0.0000s ]
INFO: [ app_end ] --START--
INFO: Run Behavior\ShowPageTraceBehavior [ RunTime:0.002000s ]
INFO: [ app_end ] --END-- [ RunTime:0.002000s ]

[ 2020-05-08T17:45:22+08:00 ] 127.0.0.1 /index.php/Admin/Email/getMsgCount.html
INFO: [ app_begin ] --START--
INFO: Run Behavior\ReadHtmlCacheBehavior [ RunTime:0.001000s ]
INFO: [ app_begin ] --END-- [ RunTime:0.003000s ]
NOTIC: [8] Use of undefined constant RBAC_ROLES_AUTHS - assumed 'RBAC_ROLES_AUTHS' D:\TP-Project\Application\Admin\Controller\CommonController.class.php 第 33 行.
SQL: SHOW COLUMNS FROM `sp_email` [ RunTime:0.0050s ]
SQL: SELECT COUNT(*) AS tp_count FROM `sp_email` WHERE ( isread = 0 and to_id = 1 ) LIMIT 1   [ RunTime:0.0010s ]
INFO: [ app_end ] --START--
INFO: Run Behavior\ShowPageTraceBehavior [ RunTime:0.002000s ]
INFO: [ app_end ] --END-- [ RunTime:0.003000s ]

[ 2020-05-08T17:45:25+08:00 ] 127.0.0.1 /index.php/Admin/Email/getMsgCount.html
INFO: [ app_begin ] --START--
INFO: Run Behavior\ReadHtmlCacheBehavior [ RunTime:0.001000s ]
INFO: [ app_begin ] --END-- [ RunTime:0.003000s ]
NOTIC: [8] Use of undefined constant RBAC_ROLES_AUTHS - assumed 'RBAC_ROLES_AUTHS' D:\TP-Project\Application\Admin\Controller\CommonController.class.php 第 33 行.
SQL: SHOW COLUMNS FROM `sp_email` [ RunTime:0.0340s ]
SQL: SELECT COUNT(*) AS tp_count FROM `sp_email` WHERE ( isread = 0 and to_id = 1 ) LIMIT 1   [ RunTime:0.0010s ]
INFO: [ app_end ] --START--
INFO: Run Behavior\ShowPageTraceBehavior [ RunTime:0.002000s ]
INFO: [ app_end ] --END-- [ RunTime:0.002000s ]

[ 2020-05-08T17:45:28+08:00 ] 127.0.0.1 /index.php/Admin/Email/getMsgCount.html
INFO: [ app_begin ] --START--
INFO: Run Behavior\ReadHtmlCacheBehavior [ RunTime:0.001000s ]
INFO: [ app_begin ] --END-- [ RunTime:0.003000s ]
NOTIC: [8] Use of undefined constant RBAC_ROLES_AUTHS - assumed 'RBAC_ROLES_AUTHS' D:\TP-Project\Application\Admin\Controller\CommonController.class.php 第 33 行.
SQL: SHOW COLUMNS FROM `sp_email` [ RunTime:0.0040s ]
SQL: SELECT COUNT(*) AS tp_count FROM `sp_email` WHERE ( isread = 0 and to_id = 1 ) LIMIT 1   [ RunTime:0.0010s ]
INFO: [ app_end ] --START--
INFO: Run Behavior\ShowPageTraceBehavior [ RunTime:0.002000s ]
INFO: [ app_end ] --END-- [ RunTime:0.003001s ]

[ 2020-05-08T17:45:31+08:00 ] 127.0.0.1 /index.php/Admin/Email/getMsgCount.html
INFO: [ app_begin ] --START--
INFO: Run Behavior\ReadHtmlCacheBehavior [ RunTime:0.002000s ]
INFO: [ app_begin ] --END-- [ RunTime:0.002000s ]
NOTIC: [8] Use of undefined constant RBAC_ROLES_AUTHS - assumed 'RBAC_ROLES_AUTHS' D:\TP-Project\Application\Admin\Controller\CommonController.class.php 第 33 行.
SQL: SHOW COLUMNS FROM `sp_email` [ RunTime:0.0040s ]
SQL: SELECT COUNT(*) AS tp_count FROM `sp_email` WHERE ( isread = 0 and to_id = 1 ) LIMIT 1   [ RunTime:0.0000s ]
INFO: [ app_end ] --START--
INFO: Run Behavior\ShowPageTraceBehavior [ RunTime:0.002000s ]
INFO: [ app_end ] --END-- [ RunTime:0.003000s ]

[ 2020-05-08T17:45:35+08:00 ] 127.0.0.1 /index.php/Admin/Email/getMsgCount.html
INFO: [ app_begin ] --START--
INFO: Run Behavior\ReadHtmlCacheBehavior [ RunTime:0.003000s ]
INFO: [ app_begin ] --END-- [ RunTime:0.004000s ]
NOTIC: [8] Use of undefined constant RBAC_ROLES_AUTHS - assumed 'RBAC_ROLES_AUTHS' D:\TP-Project\Application\Admin\Controller\CommonController.class.php 第 33 行.
SQL: SHOW COLUMNS FROM `sp_email` [ RunTime:0.5630s ]
SQL: SELECT COUNT(*) AS tp_count FROM `sp_email` WHERE ( isread = 0 and to_id = 1 ) LIMIT 1   [ RunTime:0.0010s ]
INFO: [ app_end ] --START--
INFO: Run Behavior\ShowPageTraceBehavior [ RunTime:0.002000s ]
INFO: [ app_end ] --END-- [ RunTime:0.004000s ]

[ 2020-05-08T17:45:37+08:00 ] 127.0.0.1 /index.php/Admin/Email/getMsgCount.html
INFO: [ app_begin ] --START--
INFO: Run Behavior\ReadHtmlCacheBehavior [ RunTime:0.001000s ]
INFO: [ app_begin ] --END-- [ RunTime:0.003000s ]
NOTIC: [8] Use of undefined constant RBAC_ROLES_AUTHS - assumed 'RBAC_ROLES_AUTHS' D:\TP-Project\Application\Admin\Controller\CommonController.class.php 第 33 行.
SQL: SHOW COLUMNS FROM `sp_email` [ RunTime:0.0040s ]
SQL: SELECT COUNT(*) AS tp_count FROM `sp_email` WHERE ( isread = 0 and to_id = 1 ) LIMIT 1   [ RunTime:0.0010s ]
INFO: [ app_end ] --START--
INFO: Run Behavior\ShowPageTraceBehavior [ RunTime:0.002000s ]
INFO: [ app_end ] --END-- [ RunTime:0.003000s ]

[ 2020-05-08T17:45:40+08:00 ] 127.0.0.1 /index.php/Admin/Email/getMsgCount.html
INFO: [ app_begin ] --START--
INFO: Run Behavior\ReadHtmlCacheBehavior [ RunTime:0.002000s ]
INFO: [ app_begin ] --END-- [ RunTime:0.003000s ]
NOTIC: [8] Use of undefined constant RBAC_ROLES_AUTHS - assumed 'RBAC_ROLES_AUTHS' D:\TP-Project\Application\Admin\Controller\CommonController.class.php 第 33 行.
SQL: SHOW COLUMNS FROM `sp_email` [ RunTime:0.0040s ]
SQL: SELECT COUNT(*) AS tp_count FROM `sp_email` WHERE ( isread = 0 and to_id = 1 ) LIMIT 1   [ RunTime:0.0010s ]
INFO: [ app_end ] --START--
INFO: Run Behavior\ShowPageTraceBehavior [ RunTime:0.002000s ]
INFO: [ app_end ] --END-- [ RunTime:0.004001s ]

[ 2020-05-08T17:45:43+08:00 ] 127.0.0.1 /index.php/Admin/Email/getMsgCount.html
INFO: [ app_begin ] --START--
INFO: Run Behavior\ReadHtmlCacheBehavior [ RunTime:0.001000s ]
INFO: [ app_begin ] --END-- [ RunTime:0.003000s ]
NOTIC: [8] Use of undefined constant RBAC_ROLES_AUTHS - assumed 'RBAC_ROLES_AUTHS' D:\TP-Project\Application\Admin\Controller\CommonController.class.php 第 33 行.
SQL: SHOW COLUMNS FROM `sp_email` [ RunTime:0.0050s ]
SQL: SELECT COUNT(*) AS tp_count FROM `sp_email` WHERE ( isread = 0 and to_id = 1 ) LIMIT 1   [ RunTime:0.0010s ]
INFO: [ app_end ] --START--
INFO: Run Behavior\ShowPageTraceBehavior [ RunTime:0.001000s ]
INFO: [ app_end ] --END-- [ RunTime:0.003000s ]

[ 2020-05-08T17:45:46+08:00 ] 127.0.0.1 /index.php/Admin/Email/getMsgCount.html
INFO: [ app_begin ] --START--
INFO: Run Behavior\ReadHtmlCacheBehavior [ RunTime:0.001000s ]
INFO: [ app_begin ] --END-- [ RunTime:0.003000s ]
NOTIC: [8] Use of undefined constant RBAC_ROLES_AUTHS - assumed 'RBAC_ROLES_AUTHS' D:\TP-Project\Application\Admin\Controller\CommonController.class.php 第 33 行.
SQL: SHOW COLUMNS FROM `sp_email` [ RunTime:0.0230s ]
SQL: SELECT COUNT(*) AS tp_count FROM `sp_email` WHERE ( isread = 0 and to_id = 1 ) LIMIT 1   [ RunTime:0.0000s ]
INFO: [ app_end ] --START--
INFO: Run Behavior\ShowPageTraceBehavior [ RunTime:0.002000s ]
INFO: [ app_end ] --END-- [ RunTime:0.003000s ]

[ 2020-05-08T17:45:49+08:00 ] 127.0.0.1 /index.php/Admin/Email/getMsgCount.html
INFO: [ app_begin ] --START--
INFO: Run Behavior\ReadHtmlCacheBehavior [ RunTime:0.002000s ]
INFO: [ app_begin ] --END-- [ RunTime:0.003000s ]
NOTIC: [8] Use of undefined constant RBAC_ROLES_AUTHS - assumed 'RBAC_ROLES_AUTHS' D:\TP-Project\Application\Admin\Controller\CommonController.class.php 第 33 行.
SQL: SHOW COLUMNS FROM `sp_email` [ RunTime:0.0040s ]
SQL: SELECT COUNT(*) AS tp_count FROM `sp_email` WHERE ( isread = 0 and to_id = 1 ) LIMIT 1   [ RunTime:0.0010s ]
INFO: [ app_end ] --START--
INFO: Run Behavior\ShowPageTraceBehavior [ RunTime:0.001000s ]
INFO: [ app_end ] --END-- [ RunTime:0.003000s ]

[ 2020-05-08T17:45:52+08:00 ] 127.0.0.1 /index.php/Admin/Email/getMsgCount.html
INFO: [ app_begin ] --START--
INFO: Run Behavior\ReadHtmlCacheBehavior [ RunTime:0.002000s ]
INFO: [ app_begin ] --END-- [ RunTime:0.003000s ]
NOTIC: [8] Use of undefined constant RBAC_ROLES_AUTHS - assumed 'RBAC_ROLES_AUTHS' D:\TP-Project\Application\Admin\Controller\CommonController.class.php 第 33 行.
SQL: SHOW COLUMNS FROM `sp_email` [ RunTime:0.0040s ]
SQL: SELECT COUNT(*) AS tp_count FROM `sp_email` WHERE ( isread = 0 and to_id = 1 ) LIMIT 1   [ RunTime:0.0010s ]
INFO: [ app_end ] --START--
INFO: Run Behavior\ShowPageTraceBehavior [ RunTime:0.001000s ]
INFO: [ app_end ] --END-- [ RunTime:0.003000s ]

[ 2020-05-08T17:45:55+08:00 ] 127.0.0.1 /index.php/Admin/Email/getMsgCount.html
INFO: [ app_begin ] --START--
INFO: Run Behavior\ReadHtmlCacheBehavior [ RunTime:0.001000s ]
INFO: [ app_begin ] --END-- [ RunTime:0.003001s ]
NOTIC: [8] Use of undefined constant RBAC_ROLES_AUTHS - assumed 'RBAC_ROLES_AUTHS' D:\TP-Project\Application\Admin\Controller\CommonController.class.php 第 33 行.
SQL: SHOW COLUMNS FROM `sp_email` [ RunTime:0.0040s ]
SQL: SELECT COUNT(*) AS tp_count FROM `sp_email` WHERE ( isread = 0 and to_id = 1 ) LIMIT 1   [ RunTime:0.0000s ]
INFO: [ app_end ] --START--
INFO: Run Behavior\ShowPageTraceBehavior [ RunTime:0.002000s ]
INFO: [ app_end ] --END-- [ RunTime:0.003000s ]

[ 2020-05-08T17:45:58+08:00 ] 127.0.0.1 /index.php/Admin/Email/getMsgCount.html
INFO: [ app_begin ] --START--
INFO: Run Behavior\ReadHtmlCacheBehavior [ RunTime:0.002000s ]
INFO: [ app_begin ] --END-- [ RunTime:0.003000s ]
NOTIC: [8] Use of undefined constant RBAC_ROLES_AUTHS - assumed 'RBAC_ROLES_AUTHS' D:\TP-Project\Application\Admin\Controller\CommonController.class.php 第 33 行.
SQL: SHOW COLUMNS FROM `sp_email` [ RunTime:0.0040s ]
SQL: SELECT COUNT(*) AS tp_count FROM `sp_email` WHERE ( isread = 0 and to_id = 1 ) LIMIT 1   [ RunTime:0.0000s ]
INFO: [ app_end ] --START--
INFO: Run Behavior\ShowPageTraceBehavior [ RunTime:0.002001s ]
INFO: [ app_end ] --END-- [ RunTime:0.003001s ]

[ 2020-05-08T17:46:01+08:00 ] 127.0.0.1 /index.php/Admin/Email/getMsgCount.html
INFO: [ app_begin ] --START--
INFO: Run Behavior\ReadHtmlCacheBehavior [ RunTime:0.002000s ]
INFO: [ app_begin ] --END-- [ RunTime:0.003000s ]
NOTIC: [8] Use of undefined constant RBAC_ROLES_AUTHS - assumed 'RBAC_ROLES_AUTHS' D:\TP-Project\Application\Admin\Controller\CommonController.class.php 第 33 行.
SQL: SHOW COLUMNS FROM `sp_email` [ RunTime:0.0040s ]
SQL: SELECT COUNT(*) AS tp_count FROM `sp_email` WHERE ( isread = 0 and to_id = 1 ) LIMIT 1   [ RunTime:0.0010s ]
INFO: [ app_end ] --START--
INFO: Run Behavior\ShowPageTraceBehavior [ RunTime:0.002000s ]
INFO: [ app_end ] --END-- [ RunTime:0.002000s ]

[ 2020-05-08T17:46:04+08:00 ] 127.0.0.1 /index.php/Admin/Email/getMsgCount.html
INFO: [ app_begin ] --START--
INFO: Run Behavior\ReadHtmlCacheBehavior [ RunTime:0.002000s ]
INFO: [ app_begin ] --END-- [ RunTime:0.003001s ]
NOTIC: [8] Use of undefined constant RBAC_ROLES_AUTHS - assumed 'RBAC_ROLES_AUTHS' D:\TP-Project\Application\Admin\Controller\CommonController.class.php 第 33 行.
SQL: SHOW COLUMNS FROM `sp_email` [ RunTime:0.0050s ]
SQL: SELECT COUNT(*) AS tp_count FROM `sp_email` WHERE ( isread = 0 and to_id = 1 ) LIMIT 1   [ RunTime:0.0010s ]
INFO: [ app_end ] --START--
INFO: Run Behavior\ShowPageTraceBehavior [ RunTime:0.001000s ]
INFO: [ app_end ] --END-- [ RunTime:0.003000s ]

[ 2020-05-08T17:46:07+08:00 ] 127.0.0.1 /index.php/Admin/Email/getMsgCount.html
INFO: [ app_begin ] --START--
INFO: Run Behavior\ReadHtmlCacheBehavior [ RunTime:0.002000s ]
INFO: [ app_begin ] --END-- [ RunTime:0.003000s ]
NOTIC: [8] Use of undefined constant RBAC_ROLES_AUTHS - assumed 'RBAC_ROLES_AUTHS' D:\TP-Project\Application\Admin\Controller\CommonController.class.php 第 33 行.
SQL: SHOW COLUMNS FROM `sp_email` [ RunTime:0.0030s ]
SQL: SELECT COUNT(*) AS tp_count FROM `sp_email` WHERE ( isread = 0 and to_id = 1 ) LIMIT 1   [ RunTime:0.0010s ]
INFO: [ app_end ] --START--
INFO: Run Behavior\ShowPageTraceBehavior [ RunTime:0.001000s ]
INFO: [ app_end ] --END-- [ RunTime:0.003000s ]

[ 2020-05-08T17:46:11+08:00 ] 127.0.0.1 /index.php/Admin/Email/getMsgCount.html
INFO: [ app_begin ] --START--
INFO: Run Behavior\ReadHtmlCacheBehavior [ RunTime:0.002000s ]
INFO: [ app_begin ] --END-- [ RunTime:0.093005s ]
NOTIC: [8] Use of undefined constant RBAC_ROLES_AUTHS - assumed 'RBAC_ROLES_AUTHS' D:\TP-Project\Application\Admin\Controller\CommonController.class.php 第 33 行.
SQL: SHOW COLUMNS FROM `sp_email` [ RunTime:0.0860s ]
SQL: SELECT COUNT(*) AS tp_count FROM `sp_email` WHERE ( isread = 0 and to_id = 1 ) LIMIT 1   [ RunTime:0.0010s ]
INFO: [ app_end ] --START--
INFO: Run Behavior\ShowPageTraceBehavior [ RunTime:0.002000s ]
INFO: [ app_end ] --END-- [ RunTime:0.003000s ]

[ 2020-05-08T17:46:14+08:00 ] 127.0.0.1 /index.php/Admin/Email/getMsgCount.html
INFO: [ app_begin ] --START--
INFO: Run Behavior\ReadHtmlCacheBehavior [ RunTime:0.002000s ]
INFO: [ app_begin ] --END-- [ RunTime:0.003000s ]
NOTIC: [8] Use of undefined constant RBAC_ROLES_AUTHS - assumed 'RBAC_ROLES_AUTHS' D:\TP-Project\Application\Admin\Controller\CommonController.class.php 第 33 行.
SQL: SHOW COLUMNS FROM `sp_email` [ RunTime:0.0040s ]
SQL: SELECT COUNT(*) AS tp_count FROM `sp_email` WHERE ( isread = 0 and to_id = 1 ) LIMIT 1   [ RunTime:0.0010s ]
INFO: [ app_end ] --START--
INFO: Run Behavior\ShowPageTraceBehavior [ RunTime:0.002000s ]
INFO: [ app_end ] --END-- [ RunTime:0.003000s ]

[ 2020-05-08T17:46:16+08:00 ] 127.0.0.1 /index.php/Admin/Email/getMsgCount.html
INFO: [ app_begin ] --START--
INFO: Run Behavior\ReadHtmlCacheBehavior [ RunTime:0.001000s ]
INFO: [ app_begin ] --END-- [ RunTime:0.003000s ]
NOTIC: [8] Use of undefined constant RBAC_ROLES_AUTHS - assumed 'RBAC_ROLES_AUTHS' D:\TP-Project\Application\Admin\Controller\CommonController.class.php 第 33 行.
SQL: SHOW COLUMNS FROM `sp_email` [ RunTime:0.0040s ]
SQL: SELECT COUNT(*) AS tp_count FROM `sp_email` WHERE ( isread = 0 and to_id = 1 ) LIMIT 1   [ RunTime:0.0010s ]
INFO: [ app_end ] --START--
INFO: Run Behavior\ShowPageTraceBehavior [ RunTime:0.001000s ]
INFO: [ app_end ] --END-- [ RunTime:0.003001s ]

[ 2020-05-08T17:46:20+08:00 ] 127.0.0.1 /index.php/Admin/Email/getMsgCount.html
INFO: [ app_begin ] --START--
INFO: Run Behavior\ReadHtmlCacheBehavior [ RunTime:0.001000s ]
INFO: [ app_begin ] --END-- [ RunTime:0.003000s ]
NOTIC: [8] Use of undefined constant RBAC_ROLES_AUTHS - assumed 'RBAC_ROLES_AUTHS' D:\TP-Project\Application\Admin\Controller\CommonController.class.php 第 33 行.
SQL: SHOW COLUMNS FROM `sp_email` [ RunTime:0.1750s ]
SQL: SELECT COUNT(*) AS tp_count FROM `sp_email` WHERE ( isread = 0 and to_id = 1 ) LIMIT 1   [ RunTime:0.0010s ]
INFO: [ app_end ] --START--
INFO: Run Behavior\ShowPageTraceBehavior [ RunTime:0.001000s ]
INFO: [ app_end ] --END-- [ RunTime:0.003000s ]

[ 2020-05-08T17:46:22+08:00 ] 127.0.0.1 /index.php/Admin/Email/getMsgCount.html
INFO: [ app_begin ] --START--
INFO: Run Behavior\ReadHtmlCacheBehavior [ RunTime:0.002000s ]
INFO: [ app_begin ] --END-- [ RunTime:0.003000s ]
NOTIC: [8] Use of undefined constant RBAC_ROLES_AUTHS - assumed 'RBAC_ROLES_AUTHS' D:\TP-Project\Application\Admin\Controller\CommonController.class.php 第 33 行.
SQL: SHOW COLUMNS FROM `sp_email` [ RunTime:0.0040s ]
SQL: SELECT COUNT(*) AS tp_count FROM `sp_email` WHERE ( isread = 0 and to_id = 1 ) LIMIT 1   [ RunTime:0.0010s ]
INFO: [ app_end ] --START--
INFO: Run Behavior\ShowPageTraceBehavior [ RunTime:0.001000s ]
INFO: [ app_end ] --END-- [ RunTime:0.003000s ]

[ 2020-05-08T17:46:25+08:00 ] 127.0.0.1 /index.php/Admin/Email/getMsgCount.html
INFO: [ app_begin ] --START--
INFO: Run Behavior\ReadHtmlCacheBehavior [ RunTime:0.002000s ]
INFO: [ app_begin ] --END-- [ RunTime:0.002000s ]
NOTIC: [8] Use of undefined constant RBAC_ROLES_AUTHS - assumed 'RBAC_ROLES_AUTHS' D:\TP-Project\Application\Admin\Controller\CommonController.class.php 第 33 行.
SQL: SHOW COLUMNS FROM `sp_email` [ RunTime:0.0040s ]
SQL: SELECT COUNT(*) AS tp_count FROM `sp_email` WHERE ( isread = 0 and to_id = 1 ) LIMIT 1   [ RunTime:0.0000s ]
INFO: [ app_end ] --START--
INFO: Run Behavior\ShowPageTraceBehavior [ RunTime:0.002000s ]
INFO: [ app_end ] --END-- [ RunTime:0.004000s ]

[ 2020-05-08T17:46:28+08:00 ] 127.0.0.1 /index.php/Admin/Email/getMsgCount.html
INFO: [ app_begin ] --START--
INFO: Run Behavior\ReadHtmlCacheBehavior [ RunTime:0.002000s ]
INFO: [ app_begin ] --END-- [ RunTime:0.002000s ]
NOTIC: [8] Use of undefined constant RBAC_ROLES_AUTHS - assumed 'RBAC_ROLES_AUTHS' D:\TP-Project\Application\Admin\Controller\CommonController.class.php 第 33 行.
SQL: SHOW COLUMNS FROM `sp_email` [ RunTime:0.0040s ]
SQL: SELECT COUNT(*) AS tp_count FROM `sp_email` WHERE ( isread = 0 and to_id = 1 ) LIMIT 1   [ RunTime:0.0010s ]
INFO: [ app_end ] --START--
INFO: Run Behavior\ShowPageTraceBehavior [ RunTime:0.001000s ]
INFO: [ app_end ] --END-- [ RunTime:0.003001s ]

[ 2020-05-08T17:46:32+08:00 ] 127.0.0.1 /index.php/Admin/Email/getMsgCount.html
INFO: [ app_begin ] --START--
INFO: Run Behavior\ReadHtmlCacheBehavior [ RunTime:0.001000s ]
INFO: [ app_begin ] --END-- [ RunTime:0.003000s ]
NOTIC: [8] Use of undefined constant RBAC_ROLES_AUTHS - assumed 'RBAC_ROLES_AUTHS' D:\TP-Project\Application\Admin\Controller\CommonController.class.php 第 33 行.
SQL: SHOW COLUMNS FROM `sp_email` [ RunTime:0.0040s ]
SQL: SELECT COUNT(*) AS tp_count FROM `sp_email` WHERE ( isread = 0 and to_id = 1 ) LIMIT 1   [ RunTime:0.0010s ]
INFO: [ app_end ] --START--
INFO: Run Behavior\ShowPageTraceBehavior [ RunTime:0.002001s ]
INFO: [ app_end ] --END-- [ RunTime:0.003001s ]

[ 2020-05-08T17:46:34+08:00 ] 127.0.0.1 /index.php/Admin/Email/getMsgCount.html
INFO: [ app_begin ] --START--
INFO: Run Behavior\ReadHtmlCacheBehavior [ RunTime:0.002000s ]
INFO: [ app_begin ] --END-- [ RunTime:0.003001s ]
NOTIC: [8] Use of undefined constant RBAC_ROLES_AUTHS - assumed 'RBAC_ROLES_AUTHS' D:\TP-Project\Application\Admin\Controller\CommonController.class.php 第 33 行.
SQL: SHOW COLUMNS FROM `sp_email` [ RunTime:0.0040s ]
SQL: SELECT COUNT(*) AS tp_count FROM `sp_email` WHERE ( isread = 0 and to_id = 1 ) LIMIT 1   [ RunTime:0.0000s ]
INFO: [ app_end ] --START--
INFO: Run Behavior\ShowPageTraceBehavior [ RunTime:0.002000s ]
INFO: [ app_end ] --END-- [ RunTime:0.002000s ]

[ 2020-05-08T17:46:37+08:00 ] 127.0.0.1 /index.php/Admin/Email/getMsgCount.html
INFO: [ app_begin ] --START--
INFO: Run Behavior\ReadHtmlCacheBehavior [ RunTime:0.003000s ]
INFO: [ app_begin ] --END-- [ RunTime:0.003000s ]
NOTIC: [8] Use of undefined constant RBAC_ROLES_AUTHS - assumed 'RBAC_ROLES_AUTHS' D:\TP-Project\Application\Admin\Controller\CommonController.class.php 第 33 行.
SQL: SHOW COLUMNS FROM `sp_email` [ RunTime:0.0040s ]
SQL: SELECT COUNT(*) AS tp_count FROM `sp_email` WHERE ( isread = 0 and to_id = 1 ) LIMIT 1   [ RunTime:0.0010s ]
INFO: [ app_end ] --START--
INFO: Run Behavior\ShowPageTraceBehavior [ RunTime:0.001000s ]
INFO: [ app_end ] --END-- [ RunTime:0.003000s ]

[ 2020-05-08T17:46:40+08:00 ] 127.0.0.1 /index.php/Admin/Email/getMsgCount.html
INFO: [ app_begin ] --START--
INFO: Run Behavior\ReadHtmlCacheBehavior [ RunTime:0.002000s ]
INFO: [ app_begin ] --END-- [ RunTime:0.003000s ]
NOTIC: [8] Use of undefined constant RBAC_ROLES_AUTHS - assumed 'RBAC_ROLES_AUTHS' D:\TP-Project\Application\Admin\Controller\CommonController.class.php 第 33 行.
SQL: SHOW COLUMNS FROM `sp_email` [ RunTime:0.0200s ]
SQL: SELECT COUNT(*) AS tp_count FROM `sp_email` WHERE ( isread = 0 and to_id = 1 ) LIMIT 1   [ RunTime:0.0010s ]
INFO: [ app_end ] --START--
INFO: Run Behavior\ShowPageTraceBehavior [ RunTime:0.002000s ]
INFO: [ app_end ] --END-- [ RunTime:0.003000s ]

[ 2020-05-08T17:46:43+08:00 ] 127.0.0.1 /index.php/Admin/Email/getMsgCount.html
INFO: [ app_begin ] --START--
INFO: Run Behavior\ReadHtmlCacheBehavior [ RunTime:0.001000s ]
INFO: [ app_begin ] --END-- [ RunTime:0.065004s ]
NOTIC: [8] Use of undefined constant RBAC_ROLES_AUTHS - assumed 'RBAC_ROLES_AUTHS' D:\TP-Project\Application\Admin\Controller\CommonController.class.php 第 33 行.
SQL: SHOW COLUMNS FROM `sp_email` [ RunTime:0.0050s ]
SQL: SELECT COUNT(*) AS tp_count FROM `sp_email` WHERE ( isread = 0 and to_id = 1 ) LIMIT 1   [ RunTime:0.0010s ]
INFO: [ app_end ] --START--
INFO: Run Behavior\ShowPageTraceBehavior [ RunTime:0.001000s ]
INFO: [ app_end ] --END-- [ RunTime:0.003001s ]

[ 2020-05-08T17:46:47+08:00 ] 127.0.0.1 /index.php/Admin/Email/getMsgCount.html
INFO: [ app_begin ] --START--
INFO: Run Behavior\ReadHtmlCacheBehavior [ RunTime:0.002000s ]
INFO: [ app_begin ] --END-- [ RunTime:0.003000s ]
NOTIC: [8] Use of undefined constant RBAC_ROLES_AUTHS - assumed 'RBAC_ROLES_AUTHS' D:\TP-Project\Application\Admin\Controller\CommonController.class.php 第 33 行.
SQL: SHOW COLUMNS FROM `sp_email` [ RunTime:0.0050s ]
SQL: SELECT COUNT(*) AS tp_count FROM `sp_email` WHERE ( isread = 0 and to_id = 1 ) LIMIT 1   [ RunTime:0.0010s ]
INFO: [ app_end ] --START--
INFO: Run Behavior\ShowPageTraceBehavior [ RunTime:0.002000s ]
INFO: [ app_end ] --END-- [ RunTime:0.003000s ]

[ 2020-05-08T17:46:49+08:00 ] 127.0.0.1 /index.php/Admin/Email/getMsgCount.html
INFO: [ app_begin ] --START--
INFO: Run Behavior\ReadHtmlCacheBehavior [ RunTime:0.002000s ]
INFO: [ app_begin ] --END-- [ RunTime:0.003000s ]
NOTIC: [8] Use of undefined constant RBAC_ROLES_AUTHS - assumed 'RBAC_ROLES_AUTHS' D:\TP-Project\Application\Admin\Controller\CommonController.class.php 第 33 行.
SQL: SHOW COLUMNS FROM `sp_email` [ RunTime:0.0040s ]
SQL: SELECT COUNT(*) AS tp_count FROM `sp_email` WHERE ( isread = 0 and to_id = 1 ) LIMIT 1   [ RunTime:0.0000s ]
INFO: [ app_end ] --START--
INFO: Run Behavior\ShowPageTraceBehavior [ RunTime:0.002001s ]
INFO: [ app_end ] --END-- [ RunTime:0.003001s ]

[ 2020-05-08T17:46:53+08:00 ] 127.0.0.1 /index.php/Admin/Email/getMsgCount.html
INFO: [ app_begin ] --START--
INFO: Run Behavior\ReadHtmlCacheBehavior [ RunTime:0.001000s ]
INFO: [ app_begin ] --END-- [ RunTime:0.003000s ]
NOTIC: [8] Use of undefined constant RBAC_ROLES_AUTHS - assumed 'RBAC_ROLES_AUTHS' D:\TP-Project\Application\Admin\Controller\CommonController.class.php 第 33 行.
SQL: SHOW COLUMNS FROM `sp_email` [ RunTime:0.1310s ]
SQL: SELECT COUNT(*) AS tp_count FROM `sp_email` WHERE ( isread = 0 and to_id = 1 ) LIMIT 1   [ RunTime:0.0010s ]
INFO: [ app_end ] --START--
INFO: Run Behavior\ShowPageTraceBehavior [ RunTime:0.001000s ]
INFO: [ app_end ] --END-- [ RunTime:0.003000s ]

[ 2020-05-08T17:46:55+08:00 ] 127.0.0.1 /index.php/Admin/Email/getMsgCount.html
INFO: [ app_begin ] --START--
INFO: Run Behavior\ReadHtmlCacheBehavior [ RunTime:0.002001s ]
INFO: [ app_begin ] --END-- [ RunTime:0.003001s ]
NOTIC: [8] Use of undefined constant RBAC_ROLES_AUTHS - assumed 'RBAC_ROLES_AUTHS' D:\TP-Project\Application\Admin\Controller\CommonController.class.php 第 33 行.
SQL: SHOW COLUMNS FROM `sp_email` [ RunTime:0.0040s ]
SQL: SELECT COUNT(*) AS tp_count FROM `sp_email` WHERE ( isread = 0 and to_id = 1 ) LIMIT 1   [ RunTime:0.0010s ]
INFO: [ app_end ] --START--
INFO: Run Behavior\ShowPageTraceBehavior [ RunTime:0.001000s ]
INFO: [ app_end ] --END-- [ RunTime:0.003000s ]

[ 2020-05-08T17:46:58+08:00 ] 127.0.0.1 /index.php/Admin/Email/getMsgCount.html
INFO: [ app_begin ] --START--
INFO: Run Behavior\ReadHtmlCacheBehavior [ RunTime:0.002000s ]
INFO: [ app_begin ] --END-- [ RunTime:0.003000s ]
NOTIC: [8] Use of undefined constant RBAC_ROLES_AUTHS - assumed 'RBAC_ROLES_AUTHS' D:\TP-Project\Application\Admin\Controller\CommonController.class.php 第 33 行.
SQL: SHOW COLUMNS FROM `sp_email` [ RunTime:0.0040s ]
SQL: SELECT COUNT(*) AS tp_count FROM `sp_email` WHERE ( isread = 0 and to_id = 1 ) LIMIT 1   [ RunTime:0.0010s ]
INFO: [ app_end ] --START--
INFO: Run Behavior\ShowPageTraceBehavior [ RunTime:0.001000s ]
INFO: [ app_end ] --END-- [ RunTime:0.003000s ]

[ 2020-05-08T17:47:02+08:00 ] 127.0.0.1 /index.php/Admin/Email/getMsgCount.html
INFO: [ app_begin ] --START--
INFO: Run Behavior\ReadHtmlCacheBehavior [ RunTime:0.001000s ]
INFO: [ app_begin ] --END-- [ RunTime:0.003000s ]
NOTIC: [8] Use of undefined constant RBAC_ROLES_AUTHS - assumed 'RBAC_ROLES_AUTHS' D:\TP-Project\Application\Admin\Controller\CommonController.class.php 第 33 行.
SQL: SHOW COLUMNS FROM `sp_email` [ RunTime:0.0050s ]
SQL: SELECT COUNT(*) AS tp_count FROM `sp_email` WHERE ( isread = 0 and to_id = 1 ) LIMIT 1   [ RunTime:0.0010s ]
INFO: [ app_end ] --START--
INFO: Run Behavior\ShowPageTraceBehavior [ RunTime:0.001000s ]
INFO: [ app_end ] --END-- [ RunTime:0.003000s ]

[ 2020-05-08T17:47:04+08:00 ] 127.0.0.1 /index.php/Admin/Email/getMsgCount.html
INFO: [ app_begin ] --START--
INFO: Run Behavior\ReadHtmlCacheBehavior [ RunTime:0.001000s ]
INFO: [ app_begin ] --END-- [ RunTime:0.003000s ]
NOTIC: [8] Use of undefined constant RBAC_ROLES_AUTHS - assumed 'RBAC_ROLES_AUTHS' D:\TP-Project\Application\Admin\Controller\CommonController.class.php 第 33 行.
SQL: SHOW COLUMNS FROM `sp_email` [ RunTime:0.0060s ]
SQL: SELECT COUNT(*) AS tp_count FROM `sp_email` WHERE ( isread = 0 and to_id = 1 ) LIMIT 1   [ RunTime:0.0010s ]
INFO: [ app_end ] --START--
INFO: Run Behavior\ShowPageTraceBehavior [ RunTime:0.002000s ]
INFO: [ app_end ] --END-- [ RunTime:0.004000s ]

[ 2020-05-08T17:47:07+08:00 ] 127.0.0.1 /index.php/Admin/Email/getMsgCount.html
INFO: [ app_begin ] --START--
INFO: Run Behavior\ReadHtmlCacheBehavior [ RunTime:0.002000s ]
INFO: [ app_begin ] --END-- [ RunTime:0.003000s ]
NOTIC: [8] Use of undefined constant RBAC_ROLES_AUTHS - assumed 'RBAC_ROLES_AUTHS' D:\TP-Project\Application\Admin\Controller\CommonController.class.php 第 33 行.
SQL: SHOW COLUMNS FROM `sp_email` [ RunTime:0.0050s ]
SQL: SELECT COUNT(*) AS tp_count FROM `sp_email` WHERE ( isread = 0 and to_id = 1 ) LIMIT 1   [ RunTime:0.0010s ]
INFO: [ app_end ] --START--
INFO: Run Behavior\ShowPageTraceBehavior [ RunTime:0.002001s ]
INFO: [ app_end ] --END-- [ RunTime:0.002001s ]

[ 2020-05-08T17:47:10+08:00 ] 127.0.0.1 /index.php/Admin/Email/getMsgCount.html
INFO: [ app_begin ] --START--
INFO: Run Behavior\ReadHtmlCacheBehavior [ RunTime:0.002001s ]
INFO: [ app_begin ] --END-- [ RunTime:0.002001s ]
NOTIC: [8] Use of undefined constant RBAC_ROLES_AUTHS - assumed 'RBAC_ROLES_AUTHS' D:\TP-Project\Application\Admin\Controller\CommonController.class.php 第 33 行.
SQL: SHOW COLUMNS FROM `sp_email` [ RunTime:0.0570s ]
SQL: SELECT COUNT(*) AS tp_count FROM `sp_email` WHERE ( isread = 0 and to_id = 1 ) LIMIT 1   [ RunTime:0.0010s ]
INFO: [ app_end ] --START--
INFO: Run Behavior\ShowPageTraceBehavior [ RunTime:0.001000s ]
INFO: [ app_end ] --END-- [ RunTime:0.003000s ]

[ 2020-05-08T17:47:13+08:00 ] 127.0.0.1 /index.php/Admin/Email/getMsgCount.html
INFO: [ app_begin ] --START--
INFO: Run Behavior\ReadHtmlCacheBehavior [ RunTime:0.002000s ]
INFO: [ app_begin ] --END-- [ RunTime:0.004000s ]
NOTIC: [8] Use of undefined constant RBAC_ROLES_AUTHS - assumed 'RBAC_ROLES_AUTHS' D:\TP-Project\Application\Admin\Controller\CommonController.class.php 第 33 行.
SQL: SHOW COLUMNS FROM `sp_email` [ RunTime:0.0040s ]
SQL: SELECT COUNT(*) AS tp_count FROM `sp_email` WHERE ( isread = 0 and to_id = 1 ) LIMIT 1   [ RunTime:0.0000s ]
INFO: [ app_end ] --START--
INFO: Run Behavior\ShowPageTraceBehavior [ RunTime:0.002000s ]
INFO: [ app_end ] --END-- [ RunTime:0.002000s ]

[ 2020-05-08T17:47:16+08:00 ] 127.0.0.1 /index.php/Admin/Email/getMsgCount.html
INFO: [ app_begin ] --START--
INFO: Run Behavior\ReadHtmlCacheBehavior [ RunTime:0.001001s ]
INFO: [ app_begin ] --END-- [ RunTime:0.003001s ]
NOTIC: [8] Use of undefined constant RBAC_ROLES_AUTHS - assumed 'RBAC_ROLES_AUTHS' D:\TP-Project\Application\Admin\Controller\CommonController.class.php 第 33 行.
SQL: SHOW COLUMNS FROM `sp_email` [ RunTime:0.0040s ]
SQL: SELECT COUNT(*) AS tp_count FROM `sp_email` WHERE ( isread = 0 and to_id = 1 ) LIMIT 1   [ RunTime:0.0010s ]
INFO: [ app_end ] --START--
INFO: Run Behavior\ShowPageTraceBehavior [ RunTime:0.001000s ]
INFO: [ app_end ] --END-- [ RunTime:0.003000s ]

[ 2020-05-08T17:47:19+08:00 ] 127.0.0.1 /index.php/Admin/Email/getMsgCount.html
INFO: [ app_begin ] --START--
INFO: Run Behavior\ReadHtmlCacheBehavior [ RunTime:0.001000s ]
INFO: [ app_begin ] --END-- [ RunTime:0.003000s ]
NOTIC: [8] Use of undefined constant RBAC_ROLES_AUTHS - assumed 'RBAC_ROLES_AUTHS' D:\TP-Project\Application\Admin\Controller\CommonController.class.php 第 33 行.
SQL: SHOW COLUMNS FROM `sp_email` [ RunTime:0.0040s ]
SQL: SELECT COUNT(*) AS tp_count FROM `sp_email` WHERE ( isread = 0 and to_id = 1 ) LIMIT 1   [ RunTime:0.0000s ]
INFO: [ app_end ] --START--
INFO: Run Behavior\ShowPageTraceBehavior [ RunTime:0.002000s ]
INFO: [ app_end ] --END-- [ RunTime:0.003000s ]

[ 2020-05-08T17:47:22+08:00 ] 127.0.0.1 /index.php/Admin/Email/getMsgCount.html
INFO: [ app_begin ] --START--
INFO: Run Behavior\ReadHtmlCacheBehavior [ RunTime:0.001000s ]
INFO: [ app_begin ] --END-- [ RunTime:0.003000s ]
NOTIC: [8] Use of undefined constant RBAC_ROLES_AUTHS - assumed 'RBAC_ROLES_AUTHS' D:\TP-Project\Application\Admin\Controller\CommonController.class.php 第 33 行.
SQL: SHOW COLUMNS FROM `sp_email` [ RunTime:0.0040s ]
SQL: SELECT COUNT(*) AS tp_count FROM `sp_email` WHERE ( isread = 0 and to_id = 1 ) LIMIT 1   [ RunTime:0.0010s ]
INFO: [ app_end ] --START--
INFO: Run Behavior\ShowPageTraceBehavior [ RunTime:0.001000s ]
INFO: [ app_end ] --END-- [ RunTime:0.003001s ]

[ 2020-05-08T17:47:25+08:00 ] 127.0.0.1 /index.php/Admin/Email/getMsgCount.html
INFO: [ app_begin ] --START--
INFO: Run Behavior\ReadHtmlCacheBehavior [ RunTime:0.002000s ]
INFO: [ app_begin ] --END-- [ RunTime:0.003001s ]
NOTIC: [8] Use of undefined constant RBAC_ROLES_AUTHS - assumed 'RBAC_ROLES_AUTHS' D:\TP-Project\Application\Admin\Controller\CommonController.class.php 第 33 行.
SQL: SHOW COLUMNS FROM `sp_email` [ RunTime:0.0030s ]
SQL: SELECT COUNT(*) AS tp_count FROM `sp_email` WHERE ( isread = 0 and to_id = 1 ) LIMIT 1   [ RunTime:0.0010s ]
INFO: [ app_end ] --START--
INFO: Run Behavior\ShowPageTraceBehavior [ RunTime:0.002000s ]
INFO: [ app_end ] --END-- [ RunTime:0.003000s ]

[ 2020-05-08T17:47:28+08:00 ] 127.0.0.1 /index.php/Admin/Email/getMsgCount.html
INFO: [ app_begin ] --START--
INFO: Run Behavior\ReadHtmlCacheBehavior [ RunTime:0.002000s ]
INFO: [ app_begin ] --END-- [ RunTime:0.003000s ]
NOTIC: [8] Use of undefined constant RBAC_ROLES_AUTHS - assumed 'RBAC_ROLES_AUTHS' D:\TP-Project\Application\Admin\Controller\CommonController.class.php 第 33 行.
SQL: SHOW COLUMNS FROM `sp_email` [ RunTime:0.0040s ]
SQL: SELECT COUNT(*) AS tp_count FROM `sp_email` WHERE ( isread = 0 and to_id = 1 ) LIMIT 1   [ RunTime:0.0010s ]
INFO: [ app_end ] --START--
INFO: Run Behavior\ShowPageTraceBehavior [ RunTime:0.002000s ]
INFO: [ app_end ] --END-- [ RunTime:0.003000s ]

[ 2020-05-08T17:47:32+08:00 ] 127.0.0.1 /index.php/Admin/Email/getMsgCount.html
INFO: [ app_begin ] --START--
INFO: Run Behavior\ReadHtmlCacheBehavior [ RunTime:0.002000s ]
INFO: [ app_begin ] --END-- [ RunTime:0.102006s ]

[ 2020-05-08T17:48:11+08:00 ] 127.0.0.1 /index.php/Admin/Email/getMsgCount.html
INFO: [ app_begin ] --START--
INFO: Run Behavior\ReadHtmlCacheBehavior [ RunTime:0.002000s ]
INFO: [ app_begin ] --END-- [ RunTime:0.003000s ]
NOTIC: [8] Use of undefined constant RBAC_ROLES_AUTHS - assumed 'RBAC_ROLES_AUTHS' D:\TP-Project\Application\Admin\Controller\CommonController.class.php 第 33 行.
NOTIC: [8] Undefined index:  D:\TP-Project\Application\Admin\Controller\CommonController.class.php 第 34 行.
SQL: SHOW COLUMNS FROM `sp_email` [ RunTime:0.0050s ]
SQL: SELECT COUNT(*) AS tp_count FROM `sp_email` WHERE ( isread = 0 and to_id = 7 ) LIMIT 1   [ RunTime:0.0010s ]
INFO: [ app_end ] --START--
INFO: Run Behavior\ShowPageTraceBehavior [ RunTime:0.001000s ]
INFO: [ app_end ] --END-- [ RunTime:0.003000s ]

[ 2020-05-08T17:48:14+08:00 ] 127.0.0.1 /index.php/Admin/Email/getMsgCount.html
INFO: [ app_begin ] --START--
INFO: Run Behavior\ReadHtmlCacheBehavior [ RunTime:0.002000s ]
INFO: [ app_begin ] --END-- [ RunTime:0.003000s ]
NOTIC: [8] Use of undefined constant RBAC_ROLES_AUTHS - assumed 'RBAC_ROLES_AUTHS' D:\TP-Project\Application\Admin\Controller\CommonController.class.php 第 33 行.
NOTIC: [8] Undefined index:  D:\TP-Project\Application\Admin\Controller\CommonController.class.php 第 34 行.
SQL: SHOW COLUMNS FROM `sp_email` [ RunTime:0.1110s ]
SQL: SELECT COUNT(*) AS tp_count FROM `sp_email` WHERE ( isread = 0 and to_id = 7 ) LIMIT 1   [ RunTime:0.0010s ]
INFO: [ app_end ] --START--
INFO: Run Behavior\ShowPageTraceBehavior [ RunTime:0.002000s ]
INFO: [ app_end ] --END-- [ RunTime:0.004000s ]

[ 2020-05-08T17:48:17+08:00 ] 127.0.0.1 /index.php/Admin/Email/getMsgCount.html
INFO: [ app_begin ] --START--
INFO: Run Behavior\ReadHtmlCacheBehavior [ RunTime:0.002000s ]
INFO: [ app_begin ] --END-- [ RunTime:0.003000s ]
NOTIC: [8] Use of undefined constant RBAC_ROLES_AUTHS - assumed 'RBAC_ROLES_AUTHS' D:\TP-Project\Application\Admin\Controller\CommonController.class.php 第 33 行.
NOTIC: [8] Undefined index:  D:\TP-Project\Application\Admin\Controller\CommonController.class.php 第 34 行.
SQL: SHOW COLUMNS FROM `sp_email` [ RunTime:0.0040s ]
SQL: SELECT COUNT(*) AS tp_count FROM `sp_email` WHERE ( isread = 0 and to_id = 7 ) LIMIT 1   [ RunTime:0.0000s ]
INFO: [ app_end ] --START--
INFO: Run Behavior\ShowPageTraceBehavior [ RunTime:0.002000s ]
INFO: [ app_end ] --END-- [ RunTime:0.002000s ]

[ 2020-05-08T17:48:20+08:00 ] 127.0.0.1 /index.php/Admin/Email/getMsgCount.html
INFO: [ app_begin ] --START--
INFO: Run Behavior\ReadHtmlCacheBehavior [ RunTime:0.002000s ]
INFO: [ app_begin ] --END-- [ RunTime:0.003000s ]
NOTIC: [8] Use of undefined constant RBAC_ROLES_AUTHS - assumed 'RBAC_ROLES_AUTHS' D:\TP-Project\Application\Admin\Controller\CommonController.class.php 第 33 行.
NOTIC: [8] Undefined index:  D:\TP-Project\Application\Admin\Controller\CommonController.class.php 第 34 行.
SQL: SHOW COLUMNS FROM `sp_email` [ RunTime:0.0040s ]
SQL: SELECT COUNT(*) AS tp_count FROM `sp_email` WHERE ( isread = 0 and to_id = 7 ) LIMIT 1   [ RunTime:0.0000s ]
INFO: [ app_end ] --START--
INFO: Run Behavior\ShowPageTraceBehavior [ RunTime:0.002001s ]
INFO: [ app_end ] --END-- [ RunTime:0.002001s ]

[ 2020-05-08T17:48:23+08:00 ] 127.0.0.1 /index.php/Admin/Email/getMsgCount.html
INFO: [ app_begin ] --START--
INFO: Run Behavior\ReadHtmlCacheBehavior [ RunTime:0.002001s ]
INFO: [ app_begin ] --END-- [ RunTime:0.003001s ]
NOTIC: [8] Use of undefined constant RBAC_ROLES_AUTHS - assumed 'RBAC_ROLES_AUTHS' D:\TP-Project\Application\Admin\Controller\CommonController.class.php 第 33 行.
NOTIC: [8] Undefined index:  D:\TP-Project\Application\Admin\Controller\CommonController.class.php 第 34 行.
SQL: SHOW COLUMNS FROM `sp_email` [ RunTime:0.0040s ]
SQL: SELECT COUNT(*) AS tp_count FROM `sp_email` WHERE ( isread = 0 and to_id = 7 ) LIMIT 1   [ RunTime:0.0010s ]
INFO: [ app_end ] --START--
INFO: Run Behavior\ShowPageTraceBehavior [ RunTime:0.002000s ]
INFO: [ app_end ] --END-- [ RunTime:0.002000s ]

[ 2020-05-08T17:48:26+08:00 ] 127.0.0.1 /index.php/Admin/Email/getMsgCount.html
INFO: [ app_begin ] --START--
INFO: Run Behavior\ReadHtmlCacheBehavior [ RunTime:0.002000s ]
INFO: [ app_begin ] --END-- [ RunTime:0.003000s ]
NOTIC: [8] Use of undefined constant RBAC_ROLES_AUTHS - assumed 'RBAC_ROLES_AUTHS' D:\TP-Project\Application\Admin\Controller\CommonController.class.php 第 33 行.
NOTIC: [8] Undefined index:  D:\TP-Project\Application\Admin\Controller\CommonController.class.php 第 34 行.
SQL: SHOW COLUMNS FROM `sp_email` [ RunTime:0.0050s ]
SQL: SELECT COUNT(*) AS tp_count FROM `sp_email` WHERE ( isread = 0 and to_id = 7 ) LIMIT 1   [ RunTime:0.0000s ]
INFO: [ app_end ] --START--
INFO: Run Behavior\ShowPageTraceBehavior [ RunTime:0.002000s ]
INFO: [ app_end ] --END-- [ RunTime:0.002000s ]

[ 2020-05-08T17:48:29+08:00 ] 127.0.0.1 /index.php/Admin/Email/getMsgCount.html
INFO: [ app_begin ] --START--
INFO: Run Behavior\ReadHtmlCacheBehavior [ RunTime:0.001000s ]
INFO: [ app_begin ] --END-- [ RunTime:0.003000s ]
NOTIC: [8] Use of undefined constant RBAC_ROLES_AUTHS - assumed 'RBAC_ROLES_AUTHS' D:\TP-Project\Application\Admin\Controller\CommonController.class.php 第 33 行.
NOTIC: [8] Undefined index:  D:\TP-Project\Application\Admin\Controller\CommonController.class.php 第 34 行.
SQL: SHOW COLUMNS FROM `sp_email` [ RunTime:0.0050s ]
SQL: SELECT COUNT(*) AS tp_count FROM `sp_email` WHERE ( isread = 0 and to_id = 7 ) LIMIT 1   [ RunTime:0.0010s ]
INFO: [ app_end ] --START--
INFO: Run Behavior\ShowPageTraceBehavior [ RunTime:0.002000s ]
INFO: [ app_end ] --END-- [ RunTime:0.003000s ]

[ 2020-05-08T17:48:32+08:00 ] 127.0.0.1 /index.php/Admin/Email/getMsgCount.html
INFO: [ app_begin ] --START--
INFO: Run Behavior\ReadHtmlCacheBehavior [ RunTime:0.002000s ]
INFO: [ app_begin ] --END-- [ RunTime:0.004000s ]
NOTIC: [8] Use of undefined constant RBAC_ROLES_AUTHS - assumed 'RBAC_ROLES_AUTHS' D:\TP-Project\Application\Admin\Controller\CommonController.class.php 第 33 行.
NOTIC: [8] Undefined index:  D:\TP-Project\Application\Admin\Controller\CommonController.class.php 第 34 行.
SQL: SHOW COLUMNS FROM `sp_email` [ RunTime:0.0940s ]
SQL: SELECT COUNT(*) AS tp_count FROM `sp_email` WHERE ( isread = 0 and to_id = 7 ) LIMIT 1   [ RunTime:0.0010s ]
INFO: [ app_end ] --START--
INFO: Run Behavior\ShowPageTraceBehavior [ RunTime:0.002000s ]
INFO: [ app_end ] --END-- [ RunTime:0.003000s ]

[ 2020-05-08T17:48:35+08:00 ] 127.0.0.1 /index.php/Admin/Email/getMsgCount.html
INFO: [ app_begin ] --START--
INFO: Run Behavior\ReadHtmlCacheBehavior [ RunTime:0.003001s ]
INFO: [ app_begin ] --END-- [ RunTime:0.004001s ]
NOTIC: [8] Use of undefined constant RBAC_ROLES_AUTHS - assumed 'RBAC_ROLES_AUTHS' D:\TP-Project\Application\Admin\Controller\CommonController.class.php 第 33 行.
NOTIC: [8] Undefined index:  D:\TP-Project\Application\Admin\Controller\CommonController.class.php 第 34 行.
SQL: SHOW COLUMNS FROM `sp_email` [ RunTime:0.0060s ]
SQL: SELECT COUNT(*) AS tp_count FROM `sp_email` WHERE ( isread = 0 and to_id = 7 ) LIMIT 1   [ RunTime:0.0010s ]
INFO: [ app_end ] --START--
INFO: Run Behavior\ShowPageTraceBehavior [ RunTime:0.002000s ]
INFO: [ app_end ] --END-- [ RunTime:0.003000s ]

[ 2020-05-08T17:48:38+08:00 ] 127.0.0.1 /index.php/Admin/Email/getMsgCount.html
INFO: [ app_begin ] --START--
INFO: Run Behavior\ReadHtmlCacheBehavior [ RunTime:0.002000s ]
INFO: [ app_begin ] --END-- [ RunTime:0.002000s ]
NOTIC: [8] Use of undefined constant RBAC_ROLES_AUTHS - assumed 'RBAC_ROLES_AUTHS' D:\TP-Project\Application\Admin\Controller\CommonController.class.php 第 33 行.
NOTIC: [8] Undefined index:  D:\TP-Project\Application\Admin\Controller\CommonController.class.php 第 34 行.
SQL: SHOW COLUMNS FROM `sp_email` [ RunTime:0.1640s ]
SQL: SELECT COUNT(*) AS tp_count FROM `sp_email` WHERE ( isread = 0 and to_id = 7 ) LIMIT 1   [ RunTime:0.0010s ]
INFO: [ app_end ] --START--
INFO: Run Behavior\ShowPageTraceBehavior [ RunTime:0.001000s ]
INFO: [ app_end ] --END-- [ RunTime:0.003000s ]

[ 2020-05-08T17:48:41+08:00 ] 127.0.0.1 /index.php/Admin/Email/getMsgCount.html
INFO: [ app_begin ] --START--
INFO: Run Behavior\ReadHtmlCacheBehavior [ RunTime:0.003000s ]
INFO: [ app_begin ] --END-- [ RunTime:0.004000s ]
NOTIC: [8] Use of undefined constant RBAC_ROLES_AUTHS - assumed 'RBAC_ROLES_AUTHS' D:\TP-Project\Application\Admin\Controller\CommonController.class.php 第 33 行.
NOTIC: [8] Undefined index:  D:\TP-Project\Application\Admin\Controller\CommonController.class.php 第 34 行.
SQL: SHOW COLUMNS FROM `sp_email` [ RunTime:0.0050s ]
SQL: SELECT COUNT(*) AS tp_count FROM `sp_email` WHERE ( isread = 0 and to_id = 7 ) LIMIT 1   [ RunTime:0.0020s ]
INFO: [ app_end ] --START--
INFO: Run Behavior\ShowPageTraceBehavior [ RunTime:0.002000s ]
INFO: [ app_end ] --END-- [ RunTime:0.003000s ]

[ 2020-05-08T17:48:44+08:00 ] 127.0.0.1 /index.php/Admin/Email/getMsgCount.html
INFO: [ app_begin ] --START--
INFO: Run Behavior\ReadHtmlCacheBehavior [ RunTime:0.003001s ]
INFO: [ app_begin ] --END-- [ RunTime:0.004001s ]
NOTIC: [8] Use of undefined constant RBAC_ROLES_AUTHS - assumed 'RBAC_ROLES_AUTHS' D:\TP-Project\Application\Admin\Controller\CommonController.class.php 第 33 行.
NOTIC: [8] Undefined index:  D:\TP-Project\Application\Admin\Controller\CommonController.class.php 第 34 行.
SQL: SHOW COLUMNS FROM `sp_email` [ RunTime:0.0070s ]
SQL: SELECT COUNT(*) AS tp_count FROM `sp_email` WHERE ( isread = 0 and to_id = 7 ) LIMIT 1   [ RunTime:0.0010s ]
INFO: [ app_end ] --START--
INFO: Run Behavior\ShowPageTraceBehavior [ RunTime:0.002000s ]
INFO: [ app_end ] --END-- [ RunTime:0.004000s ]

[ 2020-05-08T17:48:47+08:00 ] 127.0.0.1 /index.php/Admin/Email/getMsgCount.html
INFO: [ app_begin ] --START--
INFO: Run Behavior\ReadHtmlCacheBehavior [ RunTime:0.001000s ]
INFO: [ app_begin ] --END-- [ RunTime:0.003000s ]
NOTIC: [8] Use of undefined constant RBAC_ROLES_AUTHS - assumed 'RBAC_ROLES_AUTHS' D:\TP-Project\Application\Admin\Controller\CommonController.class.php 第 33 行.
NOTIC: [8] Undefined index:  D:\TP-Project\Application\Admin\Controller\CommonController.class.php 第 34 行.
SQL: SHOW COLUMNS FROM `sp_email` [ RunTime:0.0060s ]
SQL: SELECT COUNT(*) AS tp_count FROM `sp_email` WHERE ( isread = 0 and to_id = 7 ) LIMIT 1   [ RunTime:0.0000s ]
INFO: [ app_end ] --START--
INFO: Run Behavior\ShowPageTraceBehavior [ RunTime:0.002000s ]
INFO: [ app_end ] --END-- [ RunTime:0.004000s ]

[ 2020-05-08T17:48:49+08:00 ] 127.0.0.1 /index.php/Admin/Doc/charts
ERR: 非法操作:charts

[ 2020-05-08T17:48:50+08:00 ] 127.0.0.1 /index.php/Admin/Email/getMsgCount.html
INFO: [ app_begin ] --START--
INFO: Run Behavior\ReadHtmlCacheBehavior [ RunTime:0.002000s ]
INFO: [ app_begin ] --END-- [ RunTime:0.003000s ]
NOTIC: [8] Use of undefined constant RBAC_ROLES_AUTHS - assumed 'RBAC_ROLES_AUTHS' D:\TP-Project\Application\Admin\Controller\CommonController.class.php 第 33 行.
NOTIC: [8] Undefined index:  D:\TP-Project\Application\Admin\Controller\CommonController.class.php 第 34 行.
SQL: SHOW COLUMNS FROM `sp_email` [ RunTime:0.0540s ]
SQL: SELECT COUNT(*) AS tp_count FROM `sp_email` WHERE ( isread = 0 and to_id = 7 ) LIMIT 1   [ RunTime:0.0010s ]
INFO: [ app_end ] --START--
INFO: Run Behavior\ShowPageTraceBehavior [ RunTime:0.002000s ]
INFO: [ app_end ] --END-- [ RunTime:0.003000s ]

[ 2020-05-08T17:48:53+08:00 ] 127.0.0.1 /index.php/Admin/Email/getMsgCount.html
INFO: [ app_begin ] --START--
INFO: Run Behavior\ReadHtmlCacheBehavior [ RunTime:0.003000s ]
INFO: [ app_begin ] --END-- [ RunTime:0.004000s ]
NOTIC: [8] Use of undefined constant RBAC_ROLES_AUTHS - assumed 'RBAC_ROLES_AUTHS' D:\TP-Project\Application\Admin\Controller\CommonController.class.php 第 33 行.
NOTIC: [8] Undefined index:  D:\TP-Project\Application\Admin\Controller\CommonController.class.php 第 34 行.
SQL: SHOW COLUMNS FROM `sp_email` [ RunTime:0.0070s ]
SQL: SELECT COUNT(*) AS tp_count FROM `sp_email` WHERE ( isread = 0 and to_id = 7 ) LIMIT 1   [ RunTime:0.0020s ]
INFO: [ app_end ] --START--
INFO: Run Behavior\ShowPageTraceBehavior [ RunTime:0.004000s ]
INFO: [ app_end ] --END-- [ RunTime:0.006000s ]

[ 2020-05-08T17:48:56+08:00 ] 127.0.0.1 /index.php/Admin/Email/getMsgCount.html
INFO: [ app_begin ] --START--
INFO: Run Behavior\ReadHtmlCacheBehavior [ RunTime:0.002000s ]
INFO: [ app_begin ] --END-- [ RunTime:0.002000s ]
NOTIC: [8] Use of undefined constant RBAC_ROLES_AUTHS - assumed 'RBAC_ROLES_AUTHS' D:\TP-Project\Application\Admin\Controller\CommonController.class.php 第 33 行.
NOTIC: [8] Undefined index:  D:\TP-Project\Application\Admin\Controller\CommonController.class.php 第 34 行.
SQL: SHOW COLUMNS FROM `sp_email` [ RunTime:0.0040s ]
SQL: SELECT COUNT(*) AS tp_count FROM `sp_email` WHERE ( isread = 0 and to_id = 7 ) LIMIT 1   [ RunTime:0.0000s ]
INFO: [ app_end ] --START--
INFO: Run Behavior\ShowPageTraceBehavior [ RunTime:0.002000s ]
INFO: [ app_end ] --END-- [ RunTime:0.002000s ]

[ 2020-05-08T17:48:59+08:00 ] 127.0.0.1 /index.php/Admin/Email/getMsgCount.html
INFO: [ app_begin ] --START--
INFO: Run Behavior\ReadHtmlCacheBehavior [ RunTime:0.002000s ]
INFO: [ app_begin ] --END-- [ RunTime:0.002000s ]
NOTIC: [8] Use of undefined constant RBAC_ROLES_AUTHS - assumed 'RBAC_ROLES_AUTHS' D:\TP-Project\Application\Admin\Controller\CommonController.class.php 第 33 行.
NOTIC: [8] Undefined index:  D:\TP-Project\Application\Admin\Controller\CommonController.class.php 第 34 行.
SQL: SHOW COLUMNS FROM `sp_email` [ RunTime:0.0050s ]
SQL: SELECT COUNT(*) AS tp_count FROM `sp_email` WHERE ( isread = 0 and to_id = 7 ) LIMIT 1   [ RunTime:0.0010s ]
INFO: [ app_end ] --START--
INFO: Run Behavior\ShowPageTraceBehavior [ RunTime:0.002000s ]
INFO: [ app_end ] --END-- [ RunTime:0.003001s ]

[ 2020-05-08T17:49:02+08:00 ] 127.0.0.1 /index.php/Admin/Email/getMsgCount.html
INFO: [ app_begin ] --START--
INFO: Run Behavior\ReadHtmlCacheBehavior [ RunTime:0.002000s ]
INFO: [ app_begin ] --END-- [ RunTime:0.003000s ]
NOTIC: [8] Use of undefined constant RBAC_ROLES_AUTHS - assumed 'RBAC_ROLES_AUTHS' D:\TP-Project\Application\Admin\Controller\CommonController.class.php 第 33 行.
NOTIC: [8] Undefined index:  D:\TP-Project\Application\Admin\Controller\CommonController.class.php 第 34 行.
SQL: SHOW COLUMNS FROM `sp_email` [ RunTime:0.0040s ]
SQL: SELECT COUNT(*) AS tp_count FROM `sp_email` WHERE ( isread = 0 and to_id = 7 ) LIMIT 1   [ RunTime:0.0010s ]
INFO: [ app_end ] --START--
INFO: Run Behavior\ShowPageTraceBehavior [ RunTime:0.001000s ]
INFO: [ app_end ] --END-- [ RunTime:0.003000s ]

[ 2020-05-08T17:49:05+08:00 ] 127.0.0.1 /index.php/Admin/Email/getMsgCount.html
INFO: [ app_begin ] --START--
INFO: Run Behavior\ReadHtmlCacheBehavior [ RunTime:0.002000s ]
INFO: [ app_begin ] --END-- [ RunTime:0.003000s ]
NOTIC: [8] Use of undefined constant RBAC_ROLES_AUTHS - assumed 'RBAC_ROLES_AUTHS' D:\TP-Project\Application\Admin\Controller\CommonController.class.php 第 33 行.
NOTIC: [8] Undefined index:  D:\TP-Project\Application\Admin\Controller\CommonController.class.php 第 34 行.
SQL: SHOW COLUMNS FROM `sp_email` [ RunTime:0.0040s ]
SQL: SELECT COUNT(*) AS tp_count FROM `sp_email` WHERE ( isread = 0 and to_id = 7 ) LIMIT 1   [ RunTime:0.0000s ]
INFO: [ app_end ] --START--
INFO: Run Behavior\ShowPageTraceBehavior [ RunTime:0.003000s ]
INFO: [ app_end ] --END-- [ RunTime:0.003000s ]

[ 2020-05-08T17:49:08+08:00 ] 127.0.0.1 /index.php/Admin/Email/getMsgCount.html
INFO: [ app_begin ] --START--
INFO: Run Behavior\ReadHtmlCacheBehavior [ RunTime:0.002001s ]
INFO: [ app_begin ] --END-- [ RunTime:0.003001s ]
NOTIC: [8] Use of undefined constant RBAC_ROLES_AUTHS - assumed 'RBAC_ROLES_AUTHS' D:\TP-Project\Application\Admin\Controller\CommonController.class.php 第 33 行.
NOTIC: [8] Undefined index:  D:\TP-Project\Application\Admin\Controller\CommonController.class.php 第 34 行.
SQL: SHOW COLUMNS FROM `sp_email` [ RunTime:0.0710s ]
SQL: SELECT COUNT(*) AS tp_count FROM `sp_email` WHERE ( isread = 0 and to_id = 7 ) LIMIT 1   [ RunTime:0.0010s ]
INFO: [ app_end ] --START--
INFO: Run Behavior\ShowPageTraceBehavior [ RunTime:0.002000s ]
INFO: [ app_end ] --END-- [ RunTime:0.003000s ]

[ 2020-05-08T17:49:11+08:00 ] 127.0.0.1 /index.php/Admin/Email/getMsgCount.html
INFO: [ app_begin ] --START--
INFO: Run Behavior\ReadHtmlCacheBehavior [ RunTime:0.002000s ]
INFO: [ app_begin ] --END-- [ RunTime:0.003000s ]
NOTIC: [8] Use of undefined constant RBAC_ROLES_AUTHS - assumed 'RBAC_ROLES_AUTHS' D:\TP-Project\Application\Admin\Controller\CommonController.class.php 第 33 行.
NOTIC: [8] Undefined index:  D:\TP-Project\Application\Admin\Controller\CommonController.class.php 第 34 行.
SQL: SHOW COLUMNS FROM `sp_email` [ RunTime:0.0040s ]
SQL: SELECT COUNT(*) AS tp_count FROM `sp_email` WHERE ( isread = 0 and to_id = 7 ) LIMIT 1   [ RunTime:0.0000s ]
INFO: [ app_end ] --START--
INFO: Run Behavior\ShowPageTraceBehavior [ RunTime:0.002000s ]
INFO: [ app_end ] --END-- [ RunTime:0.002000s ]

[ 2020-05-08T17:49:14+08:00 ] 127.0.0.1 /index.php/Admin/Email/getMsgCount.html
INFO: [ app_begin ] --START--
INFO: Run Behavior\ReadHtmlCacheBehavior [ RunTime:0.002000s ]
INFO: [ app_begin ] --END-- [ RunTime:0.003000s ]
NOTIC: [8] Use of undefined constant RBAC_ROLES_AUTHS - assumed 'RBAC_ROLES_AUTHS' D:\TP-Project\Application\Admin\Controller\CommonController.class.php 第 33 行.
NOTIC: [8] Undefined index:  D:\TP-Project\Application\Admin\Controller\CommonController.class.php 第 34 行.
SQL: SHOW COLUMNS FROM `sp_email` [ RunTime:0.0040s ]
SQL: SELECT COUNT(*) AS tp_count FROM `sp_email` WHERE ( isread = 0 and to_id = 7 ) LIMIT 1   [ RunTime:0.0010s ]
INFO: [ app_end ] --START--
INFO: Run Behavior\ShowPageTraceBehavior [ RunTime:0.001000s ]
INFO: [ app_end ] --END-- [ RunTime:0.003000s ]

[ 2020-05-08T17:49:17+08:00 ] 127.0.0.1 /index.php/Admin/Email/getMsgCount.html
INFO: [ app_begin ] --START--
INFO: Run Behavior\ReadHtmlCacheBehavior [ RunTime:0.002000s ]
INFO: [ app_begin ] --END-- [ RunTime:0.003000s ]
NOTIC: [8] Use of undefined constant RBAC_ROLES_AUTHS - assumed 'RBAC_ROLES_AUTHS' D:\TP-Project\Application\Admin\Controller\CommonController.class.php 第 33 行.
NOTIC: [8] Undefined index:  D:\TP-Project\Application\Admin\Controller\CommonController.class.php 第 34 行.
SQL: SHOW COLUMNS FROM `sp_email` [ RunTime:0.0040s ]
SQL: SELECT COUNT(*) AS tp_count FROM `sp_email` WHERE ( isread = 0 and to_id = 7 ) LIMIT 1   [ RunTime:0.0010s ]
INFO: [ app_end ] --START--
INFO: Run Behavior\ShowPageTraceBehavior [ RunTime:0.002000s ]
INFO: [ app_end ] --END-- [ RunTime:0.003000s ]

[ 2020-05-08T17:49:20+08:00 ] 127.0.0.1 /index.php/Admin/Email/getMsgCount.html
INFO: [ app_begin ] --START--
INFO: Run Behavior\ReadHtmlCacheBehavior [ RunTime:0.002000s ]
INFO: [ app_begin ] --END-- [ RunTime:0.003000s ]
NOTIC: [8] Use of undefined constant RBAC_ROLES_AUTHS - assumed 'RBAC_ROLES_AUTHS' D:\TP-Project\Application\Admin\Controller\CommonController.class.php 第 33 行.
NOTIC: [8] Undefined index:  D:\TP-Project\Application\Admin\Controller\CommonController.class.php 第 34 行.
SQL: SHOW COLUMNS FROM `sp_email` [ RunTime:0.1100s ]
SQL: SELECT COUNT(*) AS tp_count FROM `sp_email` WHERE ( isread = 0 and to_id = 7 ) LIMIT 1   [ RunTime:0.0010s ]
INFO: [ app_end ] --START--
INFO: Run Behavior\ShowPageTraceBehavior [ RunTime:0.001000s ]
INFO: [ app_end ] --END-- [ RunTime:0.003000s ]

[ 2020-05-08T17:49:23+08:00 ] 127.0.0.1 /index.php/Admin/Email/getMsgCount.html
INFO: [ app_begin ] --START--
INFO: Run Behavior\ReadHtmlCacheBehavior [ RunTime:0.003000s ]
INFO: [ app_begin ] --END-- [ RunTime:0.004000s ]
NOTIC: [8] Use of undefined constant RBAC_ROLES_AUTHS - assumed 'RBAC_ROLES_AUTHS' D:\TP-Project\Application\Admin\Controller\CommonController.class.php 第 33 行.
NOTIC: [8] Undefined index:  D:\TP-Project\Application\Admin\Controller\CommonController.class.php 第 34 行.
SQL: SHOW COLUMNS FROM `sp_email` [ RunTime:0.0060s ]
SQL: SELECT COUNT(*) AS tp_count FROM `sp_email` WHERE ( isread = 0 and to_id = 7 ) LIMIT 1   [ RunTime:0.0000s ]
INFO: [ app_end ] --START--
INFO: Run Behavior\ShowPageTraceBehavior [ RunTime:0.002000s ]
INFO: [ app_end ] --END-- [ RunTime:0.004000s ]

[ 2020-05-08T17:49:26+08:00 ] 127.0.0.1 /index.php/Admin/Email/getMsgCount.html
INFO: [ app_begin ] --START--
INFO: Run Behavior\ReadHtmlCacheBehavior [ RunTime:0.002000s ]
INFO: [ app_begin ] --END-- [ RunTime:0.003001s ]
NOTIC: [8] Use of undefined constant RBAC_ROLES_AUTHS - assumed 'RBAC_ROLES_AUTHS' D:\TP-Project\Application\Admin\Controller\CommonController.class.php 第 33 行.
NOTIC: [8] Undefined index:  D:\TP-Project\Application\Admin\Controller\CommonController.class.php 第 34 行.
SQL: SHOW COLUMNS FROM `sp_email` [ RunTime:0.0040s ]
SQL: SELECT COUNT(*) AS tp_count FROM `sp_email` WHERE ( isread = 0 and to_id = 7 ) LIMIT 1   [ RunTime:0.0000s ]
INFO: [ app_end ] --START--
INFO: Run Behavior\ShowPageTraceBehavior [ RunTime:0.002000s ]
INFO: [ app_end ] --END-- [ RunTime:0.002000s ]

[ 2020-05-08T17:49:29+08:00 ] 127.0.0.1 /index.php/Admin/Email/getMsgCount.html
INFO: [ app_begin ] --START--
INFO: Run Behavior\ReadHtmlCacheBehavior [ RunTime:0.002000s ]
INFO: [ app_begin ] --END-- [ RunTime:0.002000s ]
NOTIC: [8] Use of undefined constant RBAC_ROLES_AUTHS - assumed 'RBAC_ROLES_AUTHS' D:\TP-Project\Application\Admin\Controller\CommonController.class.php 第 33 行.
NOTIC: [8] Undefined index:  D:\TP-Project\Application\Admin\Controller\CommonController.class.php 第 34 行.
SQL: SHOW COLUMNS FROM `sp_email` [ RunTime:0.0040s ]
SQL: SELECT COUNT(*) AS tp_count FROM `sp_email` WHERE ( isread = 0 and to_id = 7 ) LIMIT 1   [ RunTime:0.0000s ]
INFO: [ app_end ] --START--
INFO: Run Behavior\ShowPageTraceBehavior [ RunTime:0.002001s ]
INFO: [ app_end ] --END-- [ RunTime:0.003001s ]

[ 2020-05-08T17:49:32+08:00 ] 127.0.0.1 /index.php/Admin/Email/getMsgCount.html
INFO: [ app_begin ] --START--
INFO: Run Behavior\ReadHtmlCacheBehavior [ RunTime:0.002000s ]
INFO: [ app_begin ] --END-- [ RunTime:0.003000s ]
NOTIC: [8] Use of undefined constant RBAC_ROLES_AUTHS - assumed 'RBAC_ROLES_AUTHS' D:\TP-Project\Application\Admin\Controller\CommonController.class.php 第 33 行.
NOTIC: [8] Undefined index:  D:\TP-Project\Application\Admin\Controller\CommonController.class.php 第 34 行.
SQL: SHOW COLUMNS FROM `sp_email` [ RunTime:0.0510s ]
SQL: SELECT COUNT(*) AS tp_count FROM `sp_email` WHERE ( isread = 0 and to_id = 7 ) LIMIT 1   [ RunTime:0.0000s ]
INFO: [ app_end ] --START--
INFO: Run Behavior\ShowPageTraceBehavior [ RunTime:0.002001s ]
INFO: [ app_end ] --END-- [ RunTime:0.002001s ]

[ 2020-05-08T17:49:35+08:00 ] 127.0.0.1 /index.php/Admin/Email/getMsgCount.html
INFO: [ app_begin ] --START--
INFO: Run Behavior\ReadHtmlCacheBehavior [ RunTime:0.002000s ]
INFO: [ app_begin ] --END-- [ RunTime:0.003000s ]
NOTIC: [8] Use of undefined constant RBAC_ROLES_AUTHS - assumed 'RBAC_ROLES_AUTHS' D:\TP-Project\Application\Admin\Controller\CommonController.class.php 第 33 行.
NOTIC: [8] Undefined index:  D:\TP-Project\Application\Admin\Controller\CommonController.class.php 第 34 行.
SQL: SHOW COLUMNS FROM `sp_email` [ RunTime:0.0030s ]
SQL: SELECT COUNT(*) AS tp_count FROM `sp_email` WHERE ( isread = 0 and to_id = 7 ) LIMIT 1   [ RunTime:0.0010s ]
INFO: [ app_end ] --START--
INFO: Run Behavior\ShowPageTraceBehavior [ RunTime:0.002000s ]
INFO: [ app_end ] --END-- [ RunTime:0.003000s ]

[ 2020-05-08T17:49:38+08:00 ] 127.0.0.1 /index.php/Admin/Email/getMsgCount.html
INFO: [ app_begin ] --START--
INFO: Run Behavior\ReadHtmlCacheBehavior [ RunTime:0.001000s ]
INFO: [ app_begin ] --END-- [ RunTime:0.003000s ]
NOTIC: [8] Use of undefined constant RBAC_ROLES_AUTHS - assumed 'RBAC_ROLES_AUTHS' D:\TP-Project\Application\Admin\Controller\CommonController.class.php 第 33 行.
NOTIC: [8] Undefined index:  D:\TP-Project\Application\Admin\Controller\CommonController.class.php 第 34 行.
SQL: SHOW COLUMNS FROM `sp_email` [ RunTime:0.0040s ]
SQL: SELECT COUNT(*) AS tp_count FROM `sp_email` WHERE ( isread = 0 and to_id = 7 ) LIMIT 1   [ RunTime:0.0010s ]
INFO: [ app_end ] --START--
INFO: Run Behavior\ShowPageTraceBehavior [ RunTime:0.001000s ]
INFO: [ app_end ] --END-- [ RunTime:0.003000s ]

[ 2020-05-08T17:49:41+08:00 ] 127.0.0.1 /index.php/Admin/Email/getMsgCount.html
INFO: [ app_begin ] --START--
INFO: Run Behavior\ReadHtmlCacheBehavior [ RunTime:0.002000s ]
INFO: [ app_begin ] --END-- [ RunTime:0.003000s ]
NOTIC: [8] Use of undefined constant RBAC_ROLES_AUTHS - assumed 'RBAC_ROLES_AUTHS' D:\TP-Project\Application\Admin\Controller\CommonController.class.php 第 33 行.
NOTIC: [8] Undefined index:  D:\TP-Project\Application\Admin\Controller\CommonController.class.php 第 34 行.
SQL: SHOW COLUMNS FROM `sp_email` [ RunTime:0.0050s ]
SQL: SELECT COUNT(*) AS tp_count FROM `sp_email` WHERE ( isread = 0 and to_id = 7 ) LIMIT 1   [ RunTime:0.0000s ]
INFO: [ app_end ] --START--
INFO: Run Behavior\ShowPageTraceBehavior [ RunTime:0.002000s ]
INFO: [ app_end ] --END-- [ RunTime:0.002000s ]

[ 2020-05-08T17:49:44+08:00 ] 127.0.0.1 /index.php/Admin/Email/getMsgCount.html
INFO: [ app_begin ] --START--
INFO: Run Behavior\ReadHtmlCacheBehavior [ RunTime:0.002000s ]
INFO: [ app_begin ] --END-- [ RunTime:0.003000s ]
NOTIC: [8] Use of undefined constant RBAC_ROLES_AUTHS - assumed 'RBAC_ROLES_AUTHS' D:\TP-Project\Application\Admin\Controller\CommonController.class.php 第 33 行.
NOTIC: [8] Undefined index:  D:\TP-Project\Application\Admin\Controller\CommonController.class.php 第 34 行.
SQL: SHOW COLUMNS FROM `sp_email` [ RunTime:0.0060s ]
SQL: SELECT COUNT(*) AS tp_count FROM `sp_email` WHERE ( isread = 0 and to_id = 7 ) LIMIT 1   [ RunTime:0.0010s ]
INFO: [ app_end ] --START--
INFO: Run Behavior\ShowPageTraceBehavior [ RunTime:0.002001s ]
INFO: [ app_end ] --END-- [ RunTime:0.003001s ]

[ 2020-05-08T17:49:47+08:00 ] 127.0.0.1 /index.php/Admin/Email/getMsgCount.html
INFO: [ app_begin ] --START--
INFO: Run Behavior\ReadHtmlCacheBehavior [ RunTime:0.001000s ]
INFO: [ app_begin ] --END-- [ RunTime:0.003000s ]
NOTIC: [8] Use of undefined constant RBAC_ROLES_AUTHS - assumed 'RBAC_ROLES_AUTHS' D:\TP-Project\Application\Admin\Controller\CommonController.class.php 第 33 行.
NOTIC: [8] Undefined index:  D:\TP-Project\Application\Admin\Controller\CommonController.class.php 第 34 行.
SQL: SHOW COLUMNS FROM `sp_email` [ RunTime:0.0040s ]
SQL: SELECT COUNT(*) AS tp_count FROM `sp_email` WHERE ( isread = 0 and to_id = 7 ) LIMIT 1   [ RunTime:0.0010s ]
INFO: [ app_end ] --START--
INFO: Run Behavior\ShowPageTraceBehavior [ RunTime:0.001000s ]
INFO: [ app_end ] --END-- [ RunTime:0.003000s ]

[ 2020-05-08T17:49:50+08:00 ] 127.0.0.1 /index.php/Admin/Email/getMsgCount.html
INFO: [ app_begin ] --START--
INFO: Run Behavior\ReadHtmlCacheBehavior [ RunTime:0.001000s ]
INFO: [ app_begin ] --END-- [ RunTime:0.003001s ]
NOTIC: [8] Use of undefined constant RBAC_ROLES_AUTHS - assumed 'RBAC_ROLES_AUTHS' D:\TP-Project\Application\Admin\Controller\CommonController.class.php 第 33 行.
NOTIC: [8] Undefined index:  D:\TP-Project\Application\Admin\Controller\CommonController.class.php 第 34 行.
SQL: SHOW COLUMNS FROM `sp_email` [ RunTime:0.0040s ]
SQL: SELECT COUNT(*) AS tp_count FROM `sp_email` WHERE ( isread = 0 and to_id = 7 ) LIMIT 1   [ RunTime:0.0000s ]
INFO: [ app_end ] --START--
INFO: Run Behavior\ShowPageTraceBehavior [ RunTime:0.002000s ]
INFO: [ app_end ] --END-- [ RunTime:0.003000s ]

[ 2020-05-08T17:49:53+08:00 ] 127.0.0.1 /index.php/Admin/Email/getMsgCount.html
INFO: [ app_begin ] --START--
INFO: Run Behavior\ReadHtmlCacheBehavior [ RunTime:0.001000s ]
INFO: [ app_begin ] --END-- [ RunTime:0.003000s ]
NOTIC: [8] Use of undefined constant RBAC_ROLES_AUTHS - assumed 'RBAC_ROLES_AUTHS' D:\TP-Project\Application\Admin\Controller\CommonController.class.php 第 33 行.
NOTIC: [8] Undefined index:  D:\TP-Project\Application\Admin\Controller\CommonController.class.php 第 34 行.
SQL: SHOW COLUMNS FROM `sp_email` [ RunTime:0.0040s ]
SQL: SELECT COUNT(*) AS tp_count FROM `sp_email` WHERE ( isread = 0 and to_id = 7 ) LIMIT 1   [ RunTime:0.0010s ]
INFO: [ app_end ] --START--
INFO: Run Behavior\ShowPageTraceBehavior [ RunTime:0.002000s ]
INFO: [ app_end ] --END-- [ RunTime:0.003000s ]

[ 2020-05-08T17:49:56+08:00 ] 127.0.0.1 /index.php/Admin/Email/getMsgCount.html
INFO: [ app_begin ] --START--
INFO: Run Behavior\ReadHtmlCacheBehavior [ RunTime:0.002000s ]
INFO: [ app_begin ] --END-- [ RunTime:0.003000s ]
NOTIC: [8] Use of undefined constant RBAC_ROLES_AUTHS - assumed 'RBAC_ROLES_AUTHS' D:\TP-Project\Application\Admin\Controller\CommonController.class.php 第 33 行.
NOTIC: [8] Undefined index:  D:\TP-Project\Application\Admin\Controller\CommonController.class.php 第 34 行.
SQL: SHOW COLUMNS FROM `sp_email` [ RunTime:0.0040s ]
SQL: SELECT COUNT(*) AS tp_count FROM `sp_email` WHERE ( isread = 0 and to_id = 7 ) LIMIT 1   [ RunTime:0.0010s ]
INFO: [ app_end ] --START--
INFO: Run Behavior\ShowPageTraceBehavior [ RunTime:0.002000s ]
INFO: [ app_end ] --END-- [ RunTime:0.003000s ]

[ 2020-05-08T17:49:59+08:00 ] 127.0.0.1 /index.php/Admin/Email/getMsgCount.html
INFO: [ app_begin ] --START--
INFO: Run Behavior\ReadHtmlCacheBehavior [ RunTime:0.001000s ]
INFO: [ app_begin ] --END-- [ RunTime:0.003000s ]
NOTIC: [8] Use of undefined constant RBAC_ROLES_AUTHS - assumed 'RBAC_ROLES_AUTHS' D:\TP-Project\Application\Admin\Controller\CommonController.class.php 第 33 行.
NOTIC: [8] Undefined index:  D:\TP-Project\Application\Admin\Controller\CommonController.class.php 第 34 行.
SQL: SHOW COLUMNS FROM `sp_email` [ RunTime:0.0830s ]
SQL: SELECT COUNT(*) AS tp_count FROM `sp_email` WHERE ( isread = 0 and to_id = 7 ) LIMIT 1   [ RunTime:0.0000s ]
INFO: [ app_end ] --START--
INFO: Run Behavior\ShowPageTraceBehavior [ RunTime:0.002000s ]
INFO: [ app_end ] --END-- [ RunTime:0.002000s ]

[ 2020-05-08T17:50:02+08:00 ] 127.0.0.1 /index.php/Admin/Email/getMsgCount.html
INFO: [ app_begin ] --START--
INFO: Run Behavior\ReadHtmlCacheBehavior [ RunTime:0.001000s ]
INFO: [ app_begin ] --END-- [ RunTime:0.003000s ]
NOTIC: [8] Use of undefined constant RBAC_ROLES_AUTHS - assumed 'RBAC_ROLES_AUTHS' D:\TP-Project\Application\Admin\Controller\CommonController.class.php 第 33 行.
NOTIC: [8] Undefined index:  D:\TP-Project\Application\Admin\Controller\CommonController.class.php 第 34 行.
SQL: SHOW COLUMNS FROM `sp_email` [ RunTime:0.0030s ]
SQL: SELECT COUNT(*) AS tp_count FROM `sp_email` WHERE ( isread = 0 and to_id = 7 ) LIMIT 1   [ RunTime:0.0010s ]
INFO: [ app_end ] --START--
INFO: Run Behavior\ShowPageTraceBehavior [ RunTime:0.001000s ]
INFO: [ app_end ] --END-- [ RunTime:0.003001s ]

[ 2020-05-08T17:50:05+08:00 ] 127.0.0.1 /index.php/Admin/Email/getMsgCount.html
INFO: [ app_begin ] --START--
INFO: Run Behavior\ReadHtmlCacheBehavior [ RunTime:0.002000s ]
INFO: [ app_begin ] --END-- [ RunTime:0.004000s ]
NOTIC: [8] Use of undefined constant RBAC_ROLES_AUTHS - assumed 'RBAC_ROLES_AUTHS' D:\TP-Project\Application\Admin\Controller\CommonController.class.php 第 33 行.
NOTIC: [8] Undefined index:  D:\TP-Project\Application\Admin\Controller\CommonController.class.php 第 34 行.
SQL: SHOW COLUMNS FROM `sp_email` [ RunTime:0.0040s ]
SQL: SELECT COUNT(*) AS tp_count FROM `sp_email` WHERE ( isread = 0 and to_id = 7 ) LIMIT 1   [ RunTime:0.0010s ]
INFO: [ app_end ] --START--
INFO: Run Behavior\ShowPageTraceBehavior [ RunTime:0.001000s ]
INFO: [ app_end ] --END-- [ RunTime:0.003000s ]

